/data/bids/nipreps-data/ds000005/derivatives/freesurfer-7.2.0/sub-01/mri
/usr/local/freesurfer/7.2.0/bin/talairach_avi
--i orig_nu.mgz --xfm transforms/talairach.auto.xfm
talairach_avi 7.2.0
Linux turing 5.4.0-81-generic #91~18.04.1-Ubuntu SMP Fri Jul 23 13:36:29 UTC 2021 x86_64 x86_64 x86_64 GNU/Linux
Wed Sep 22 15:12:22 AST 2021
mri_convert orig_nu.mgz talsrcimg.img 
reading from orig_nu.mgz...
TR=2300.00, TE=0.00, TI=0.00, flip angle=0.00
i_ras = (-1, 0, 0)
j_ras = (0, 0, -1)
k_ras = (0, 1, 0)
writing to talsrcimg.img...
Analyze Output Matrix
-1.00000   0.00000   0.00000   128.00000;
 0.00000   0.00000   1.00000  -134.00003;
 0.00000  -1.00000   0.00000   127.99997;
 0.00000   0.00000   0.00000   1.00000;
--------------------
INFO: set hdr.hist.orient to -1
mpr2mni305 talsrcimg
Wed Sep 22 15:12:23 AST 2021
/usr/local/freesurfer/7.2.0/bin/mpr2mni305 talsrcimg
mpr2mni305 7.2.0
target=711-2C_as_mni_average_305

---------------------------------------------------------------------
analyzeto4dfp talsrcimg -O0 -y
---------------------------------------------------------------------

freesurfer ifh2hdr.c
Wed Sep 22 15:12:23 2021
Writing: talsrcimg.4dfp.hdr
freesurfer analyzeto4dfp.c
Reading: talsrcimg.hdr
header size 348 bytes
hdr.dime.datatype	offset=70	value=2
hdr.dime.bitpix		offset=72	value=8
hdr.hist.orient		offset=252	value=-1
dimensionality     4
dimensions       256       256       256         1
Reading: talsrcimg.img
Writing: talsrcimg.4dfp.img
Writing: talsrcimg.4dfp.ifh
ifh2hdr talsrcimg -r0to213
ori=2

---------------------------------------------------------------------
gauss_4dfp talsrcimg 1.1
---------------------------------------------------------------------

freesurfer gauss_4dfp.c
Reading: talsrcimg.4dfp.img
Writing: talsrcimg_g11.4dfp.img
image dimensions 256 256 256 padded to 288 288 288
processing volume 1freesurfer ifh2hdr.c
Wed Sep 22 15:12:29 2021
Writing: talsrcimg_g11.4dfp.hdr

Writing: talsrcimg_g11.4dfp.ifh
including: talsrcimg.4dfp.img.rec in talsrcimg_g11.4dfp.img.rec

---------------------------------------------------------------------
imgreg_4dfp /usr/local/freesurfer/7.2.0/average/711-2C_as_mni_average_305 none talsrcimg_g11 none talsrcimg_to_711-2C_as_mni_average_305_t4 4355
---------------------------------------------------------------------

freesurfer imgreg_4dfp.c
/usr/local/freesurfer/7.2.0/average/711-2C_as_mni_average_305.4dfp.img
       256       256       256         1
  1.000000  1.000000  1.000000
orientation T byte_order littleendian
Reading image: /usr/local/freesurfer/7.2.0/average/711-2C_as_mni_average_305.4dfp.img
dimensions:      256       256       256
mmppix:       1.0000   -1.0000   -1.0000
center:     128.0000 -129.0000 -129.0000
talsrcimg_g11.4dfp.img
       256       256       256         1
  1.000000  1.000000  1.000000
orientation T byte_order littleendian
Reading image: talsrcimg_g11.4dfp.img
dimensions:      256       256       256
mmppix:       1.0000   -1.0000   -1.0000
center:     128.0000 -129.0000 -129.0000
t4_read: open error in t4_sub.f l:  41 t4_file(1:l)talsrcimg_to_711-2C_as_mni_average_305_t4 
t4_read: transform initialized to I4
rotation matrix determinant  1.000000
image alignment mode   4355 decimal     1103 hex
   -7.5000  -45.0000  -45.000010580.1934   17.5396
    0.0000  -45.0000  -45.000011004.7236   17.5885
    7.5000  -45.0000  -45.000010480.1953   17.6123
   -7.5000  -37.5000  -45.000011025.2344   17.5885
    0.0000  -37.5000  -45.000011456.9805   17.6374
    7.5000  -37.5000  -45.000010902.8945   17.6645
   -7.5000  -30.0000  -45.000011697.7314   17.5091
    0.0000  -30.0000  -45.000012148.2773   17.5586
    7.5000  -30.0000  -45.000011550.2090   17.5914
   -7.5000  -22.5000  -45.000012203.6592   17.4098
    0.0000  -22.5000  -45.000012656.8340   17.4600
    7.5000  -22.5000  -45.000012042.5166   17.4951
   -7.5000  -15.0000  -45.000012656.9531   17.2899
    0.0000  -15.0000  -45.000013098.9531   17.3403
    7.5000  -15.0000  -45.000012456.4014   17.3730
   -7.5000   -7.5000  -45.000012998.6357   17.1775
    0.0000   -7.5000  -45.000013457.5303   17.2274
    7.5000   -7.5000  -45.000012787.8535   17.2546
   -7.5000    0.0000  -45.000013232.7051   17.1427
    0.0000    0.0000  -45.000013690.9688   17.1919
    7.5000    0.0000  -45.000013026.7783   17.2165
   -7.5000    7.5000  -45.000012445.3828   17.2557
    0.0000    7.5000  -45.000012877.8311   17.3052
    7.5000    7.5000  -45.000012265.5566   17.3328
   -7.5000   15.0000  -45.000011677.7236   17.5279
    0.0000   15.0000  -45.000012072.6377   17.5798
    7.5000   15.0000  -45.000011497.1230   17.6139
   -7.5000   22.5000  -45.000010902.2988   17.8770
    0.0000   22.5000  -45.000011270.2490   17.9320
    7.5000   22.5000  -45.000010742.3662   17.9704
   -7.5000   30.0000  -45.000010035.4883   18.0213
    0.0000   30.0000  -45.000010393.9365   18.0756
    7.5000   30.0000  -45.0000 9897.3164   18.1118
   -7.5000   37.5000  -45.0000 9588.1064   18.5015
    0.0000   37.5000  -45.0000 9921.5469   18.5534
    7.5000   37.5000  -45.0000 9435.5195   18.5838
   -7.5000   45.0000  -45.0000 8863.7529   18.6138
    0.0000   45.0000  -45.0000 9173.0684   18.6641
    7.5000   45.0000  -45.0000 8701.4971   18.6908
   -7.5000  -45.0000  -37.500010997.4365   17.5113
    0.0000  -45.0000  -37.500011438.9307   17.5624
    7.5000  -45.0000  -37.500010857.4902   17.5887
   -7.5000  -37.5000  -37.500011432.3750   17.5680
    0.0000  -37.5000  -37.500011872.4697   17.6193
    7.5000  -37.5000  -37.500011275.7725   17.6483
   -7.5000  -30.0000  -37.500012128.7432   17.4915
    0.0000  -30.0000  -37.500012587.7539   17.5427
    7.5000  -30.0000  -37.500011948.4775   17.5770
   -7.5000  -22.5000  -37.500012663.7666   17.3869
    0.0000  -22.5000  -37.500013119.4189   17.4383
    7.5000  -22.5000  -37.500012469.1973   17.4750
   -7.5000  -15.0000  -37.500013084.9980   17.2601
    0.0000  -15.0000  -37.500013544.2080   17.3117
    7.5000  -15.0000  -37.500012878.6152   17.3459
   -7.5000   -7.5000  -37.500013420.5801   17.1461
    0.0000   -7.5000  -37.500013898.1328   17.1977
    7.5000   -7.5000  -37.500013206.3301   17.2269
   -7.5000    0.0000  -37.500013679.5801   17.1156
    0.0000    0.0000  -37.500014154.4277   17.1671
    7.5000    0.0000  -37.500013469.3955   17.1940
   -7.5000    7.5000  -37.500012891.0898   17.2360
    0.0000    7.5000  -37.500013318.6016   17.2878
    7.5000    7.5000  -37.500012677.7090   17.3174
   -7.5000   15.0000  -37.500012089.4307   17.5075
    0.0000   15.0000  -37.500012483.3408   17.5612
    7.5000   15.0000  -37.500011882.8281   17.5968
   -7.5000   22.5000  -37.500011277.8682   17.8464
    0.0000   22.5000  -37.500011634.0322   17.9026
    7.5000   22.5000  -37.500011094.4521   17.9424
   -7.5000   30.0000  -37.500010376.4434   17.9883
    0.0000   30.0000  -37.500010721.4883   18.0438
    7.5000   30.0000  -37.500010221.7676   18.0813
   -7.5000   37.5000  -37.5000 9890.7607   18.4645
    0.0000   37.5000  -37.500010215.4229   18.5196
    7.5000   37.5000  -37.5000 9726.5137   18.5525
   -7.5000   45.0000  -37.5000 9116.7910   18.5819
    0.0000   45.0000  -37.5000 9436.3555   18.6362
    7.5000   45.0000  -37.5000 8960.2402   18.6647
   -7.5000  -45.0000  -30.000011649.5820   18.1337
    0.0000  -45.0000  -30.000012114.5264   18.1897
    7.5000  -45.0000  -30.000011481.9541   18.2195
   -7.5000  -37.5000  -30.000012085.9307   18.1930
    0.0000  -37.5000  -30.000012559.7646   18.2490
    7.5000  -37.5000  -30.000011905.0254   18.2808
   -7.5000  -30.0000  -30.000012795.1611   18.1055
    0.0000  -30.0000  -30.000013296.2773   18.1618
    7.5000  -30.0000  -30.000012597.2500   18.1987
   -7.5000  -22.5000  -30.000013351.8379   17.9882
    0.0000  -22.5000  -30.000013851.0713   18.0453
    7.5000  -22.5000  -30.000013138.3271   18.0854
   -7.5000  -15.0000  -30.000013765.9863   17.8525
    0.0000  -15.0000  -30.000014265.2227   17.9101
    7.5000  -15.0000  -30.000013513.9453   17.9488
   -7.5000   -7.5000  -30.000014133.5410   17.7366
    0.0000   -7.5000  -30.000014656.8340   17.7938
    7.5000   -7.5000  -30.000013873.7686   17.8271
   -7.5000    0.0000  -30.000014416.1406   17.7098
    0.0000    0.0000  -30.000014927.7236   17.7666
    7.5000    0.0000  -30.000014150.5176   17.7969
   -7.5000    7.5000  -30.000013587.1660   17.8366
    0.0000    7.5000  -30.000014061.2021   17.8936
    7.5000    7.5000  -30.000013327.7979   17.9258
   -7.5000   15.0000  -30.000012730.8154   18.1133
    0.0000   15.0000  -30.000013144.1475   18.1725
    7.5000   15.0000  -30.000012472.2578   18.2107
   -7.5000   22.5000  -30.000011842.5537   18.4575
    0.0000   22.5000  -30.000012222.4375   18.5201
    7.5000   22.5000  -30.000011629.7705   18.5634
   -7.5000   30.0000  -30.000010909.3203   18.6143
    0.0000   30.0000  -30.000011263.5811   18.6763
    7.5000   30.0000  -30.000010718.0459   18.7183
   -7.5000   37.5000  -30.000010393.8057   19.1076
    0.0000   37.5000  -30.000010731.6182   19.1696
    7.5000   37.5000  -30.000010202.1152   19.2078
   -7.5000   45.0000  -30.0000 9558.2451   19.2483
    0.0000   45.0000  -30.0000 9892.0342   19.3098
    7.5000   45.0000  -30.0000 9386.7910   19.3422
   -7.5000  -45.0000  -22.500012252.4443   18.6280
    0.0000  -45.0000  -22.500012758.7598   18.6858
    7.5000  -45.0000  -22.500012068.9121   18.7153
   -7.5000  -37.5000  -22.500012699.3057   18.6796
    0.0000  -37.5000  -22.500013207.6494   18.7367
    7.5000  -37.5000  -22.500012508.8857   18.7679
   -7.5000  -30.0000  -22.500013415.8320   18.5786
    0.0000  -30.0000  -22.500013959.2334   18.6369
    7.5000  -30.0000  -22.500013224.5576   18.6738
   -7.5000  -22.5000  -22.500013987.2871   18.4554
    0.0000  -22.5000  -22.500014529.6514   18.5159
    7.5000  -22.5000  -22.500013769.1982   18.5569
   -7.5000  -15.0000  -22.500014432.8174   18.3205
    0.0000  -15.0000  -22.500014968.3555   18.3820
    7.5000  -15.0000  -22.500014142.4219   18.4219
   -7.5000   -7.5000  -22.500014815.2705   18.2060
    0.0000   -7.5000  -22.500015369.7061   18.2665
    7.5000   -7.5000  -22.500014483.6299   18.3004
   -7.5000    0.0000  -22.500015081.6807   18.1786
    0.0000    0.0000  -22.500015649.9990   18.2373
    7.5000    0.0000  -22.500014753.8213   18.2671
   -7.5000    7.5000  -22.500014206.5986   18.3019
    0.0000    7.5000  -22.500014704.2090   18.3601
    7.5000    7.5000  -22.500013910.9414   18.3918
   -7.5000   15.0000  -22.500013266.7822   18.5799
    0.0000   15.0000  -22.500013735.6562   18.6408
    7.5000   15.0000  -22.500013003.9551   18.6791
   -7.5000   22.5000  -22.500012351.9590   18.9383
    0.0000   22.5000  -22.500012777.2227   19.0046
    7.5000   22.5000  -22.500012132.3770   19.0493
   -7.5000   30.0000  -22.500011393.7090   19.1154
    0.0000   30.0000  -22.500011784.9131   19.1814
    7.5000   30.0000  -22.500011204.4307   19.2253
   -7.5000   37.5000  -22.500010852.9648   19.6291
    0.0000   37.5000  -22.500011229.5957   19.6934
    7.5000   37.5000  -22.500010664.7207   19.7327
   -7.5000   45.0000  -22.5000 9951.1182   19.7891
    0.0000   45.0000  -22.500010316.8984   19.8520
    7.5000   45.0000  -22.5000 9783.8320   19.8848
   -7.5000  -45.0000  -15.000012808.8887   18.9511
    0.0000  -45.0000  -15.000013318.4180   19.0065
    7.5000  -45.0000  -15.000012623.6592   19.0335
   -7.5000  -37.5000  -15.000013308.2949   18.9933
    0.0000  -37.5000  -15.000013840.4443   19.0475
    7.5000  -37.5000  -15.000013106.3789   19.0774
   -7.5000  -30.0000  -15.000014079.2666   18.8846
    0.0000  -30.0000  -15.000014686.5449   18.9407
    7.5000  -30.0000  -15.000013895.5195   18.9771
   -7.5000  -22.5000  -15.000014693.5732   18.7630
    0.0000  -22.5000  -15.000015309.4570   18.8222
    7.5000  -22.5000  -15.000014484.2783   18.8626
   -7.5000  -15.0000  -15.000015106.8086   18.6316
    0.0000  -15.0000  -15.000015730.4365   18.6919
    7.5000  -15.0000  -15.000014823.2607   18.7306
   -7.5000   -7.5000  -15.000015476.6357   18.5142
    0.0000   -7.5000  -15.000016107.1221   18.5730
    7.5000   -7.5000  -15.000015148.0166   18.6050
   -7.5000    0.0000  -15.000015709.5352   18.4796
    0.0000    0.0000  -15.000016345.5801   18.5358
    7.5000    0.0000  -15.000015410.3955   18.5635
   -7.5000    7.5000  -15.000014798.1895   18.5976
    0.0000    7.5000  -15.000015370.9316   18.6529
    7.5000    7.5000  -15.000014513.0811   18.6833
   -7.5000   15.0000  -15.000013820.0195   18.8815
    0.0000   15.0000  -15.000014361.6553   18.9401
    7.5000   15.0000  -15.000013573.1660   18.9779
   -7.5000   22.5000  -15.000012881.4688   19.2588
    0.0000   22.5000  -15.000013392.8545   19.3239
    7.5000   22.5000  -15.000012670.4707   19.3684
   -7.5000   30.0000  -15.000011872.9414   19.4508
    0.0000   30.0000  -15.000012353.2812   19.5159
    7.5000   30.0000  -15.000011736.1416   19.5593
   -7.5000   37.5000  -15.000011330.7969   19.9806
    0.0000   37.5000  -15.000011768.5352   20.0417
    7.5000   37.5000  -15.000011182.9639   20.0790
   -7.5000   45.0000  -15.000010393.7051   20.1495
    0.0000   45.0000  -15.000010792.6533   20.2082
    7.5000   45.0000  -15.000010208.3115   20.2401
   -7.5000  -45.0000   -7.500013327.6875   19.0424
    0.0000  -45.0000   -7.500013807.0605   19.0960
    7.5000  -45.0000   -7.500013087.8857   19.1213
   -7.5000  -37.5000   -7.500013917.1768   19.0855
    0.0000  -37.5000   -7.500014460.5068   19.1383
    7.5000  -37.5000   -7.500013653.9971   19.1673
   -7.5000  -30.0000   -7.500014822.9404   18.9802
    0.0000  -30.0000   -7.500015492.7529   19.0343
    7.5000  -30.0000   -7.500014567.8467   19.0705
   -7.5000  -22.5000   -7.500015506.0449   18.8608
    0.0000  -22.5000   -7.500016228.8975   18.9173
    7.5000  -22.5000   -7.500015239.8330   18.9564
   -7.5000  -15.0000   -7.500015823.4512   18.7253
    0.0000  -15.0000   -7.500016521.5156   18.7829
    7.5000  -15.0000   -7.500015547.5342   18.8192
   -7.5000   -7.5000   -7.500016059.1475   18.5968
    0.0000   -7.5000   -7.500016724.6152   18.6534
    7.5000   -7.5000   -7.500015821.5791   18.6833
   -7.5000    0.0000   -7.500016272.2451   18.5543
    0.0000    0.0000   -7.500016924.8672   18.6085
    7.5000    0.0000   -7.500016043.5469   18.6349
   -7.5000    7.5000   -7.500015365.7598   18.6756
    0.0000    7.5000   -7.500015949.3447   18.7293
    7.5000    7.5000   -7.500015109.5977   18.7591
   -7.5000   15.0000   -7.500014413.2715   18.9722
    0.0000   15.0000   -7.500014983.0703   19.0286
    7.5000   15.0000   -7.500014152.8848   19.0664
   -7.5000   22.5000   -7.500013441.2627   19.3571
    0.0000   22.5000   -7.500013980.8066   19.4189
    7.5000   22.5000   -7.500013180.5752   19.4622
   -7.5000   30.0000   -7.500012436.6104   19.5475
    0.0000   30.0000   -7.500012940.0518   19.6095
    7.5000   30.0000   -7.500012210.0586   19.6505
   -7.5000   37.5000   -7.500011875.0117   20.0784
    0.0000   37.5000   -7.500012339.0508   20.1364
    7.5000   37.5000   -7.500011652.5527   20.1708
   -7.5000   45.0000   -7.500010861.0469   20.2499
    0.0000   45.0000   -7.500011282.4043   20.3052
    7.5000   45.0000   -7.500010637.2441   20.3358
   -7.5000  -45.0000    0.000013678.8105   18.9935
    0.0000  -45.0000    0.000014154.9746   19.0474
    7.5000  -45.0000    0.000013438.9688   19.0731
   -7.5000  -37.5000    0.000014342.6602   19.0446
    0.0000  -37.5000    0.000014936.1553   19.0984
    7.5000  -37.5000    0.000014081.7881   19.1283
   -7.5000  -30.0000    0.000015450.8809   18.9454
    0.0000  -30.0000    0.000016221.6357   19.0000
    7.5000  -30.0000    0.000015152.2354   19.0367
   -7.5000  -22.5000    0.000016238.6436   18.8238
    0.0000  -22.5000    0.000017060.8242   18.8793
    7.5000  -22.5000    0.000015927.9551   18.9182
   -7.5000  -15.0000    0.000016638.2207   18.6786
    0.0000  -15.0000    0.000017383.9785   18.7345
    7.5000  -15.0000    0.000016321.0098   18.7704
   -7.5000   -7.5000    0.000016863.2617   18.5404
    0.0000   -7.5000    0.000017528.0098   18.5962
    7.5000   -7.5000    0.000016538.2266   18.6259
   -7.5000    0.0000    0.000017045.9824   18.4957
    0.0000    0.0000    0.000017678.7910   18.5505
    7.5000    0.0000    0.000016668.4395   18.5779
   -7.5000    7.5000    0.000016030.1191   18.6265
    0.0000    7.5000    0.000016604.1133   18.6812
    7.5000    7.5000    0.000015633.2520   18.7123
   -7.5000   15.0000    0.000015017.4824   18.9325
    0.0000   15.0000    0.000015569.6318   18.9899
    7.5000   15.0000    0.000014608.6055   19.0284
   -7.5000   22.5000    0.000013981.9199   19.3133
    0.0000   22.5000    0.000014486.3389   19.3744
    7.5000   22.5000    0.000013599.0029   19.4174
   -7.5000   30.0000    0.000012928.2559   19.4953
    0.0000   30.0000    0.000013402.1904   19.5559
    7.5000   30.0000    0.000012598.4238   19.5960
   -7.5000   37.5000    0.000012318.2051   20.0189
    0.0000   37.5000    0.000012753.5537   20.0770
    7.5000   37.5000    0.000012021.8438   20.1108
   -7.5000   45.0000    0.000011214.5371   20.1911
    0.0000   45.0000    0.000011620.8770   20.2474
    7.5000   45.0000    0.000010957.1650   20.2781
   -7.5000  -45.0000    7.500013097.0547   19.0989
    0.0000  -45.0000    7.500013586.3379   19.1556
    7.5000  -45.0000    7.500012876.2148   19.1842
   -7.5000  -37.5000    7.500013751.6494   19.1589
    0.0000  -37.5000    7.500014339.6406   19.2156
    7.5000  -37.5000    7.500013459.9824   19.2476
   -7.5000  -30.0000    7.500014863.9355   19.0636
    0.0000  -30.0000    7.500015608.3428   19.1205
    7.5000  -30.0000    7.500014481.8164   19.1585
   -7.5000  -22.5000    7.500015717.2666   18.9371
    0.0000  -22.5000    7.500016434.0898   18.9943
    7.5000  -22.5000    7.500015216.6455   19.0349
   -7.5000  -15.0000    7.500016228.9824   18.7860
    0.0000  -15.0000    7.500016873.5703   18.8440
    7.5000  -15.0000    7.500015646.9473   18.8818
   -7.5000   -7.5000    7.500016507.2363   18.6490
    0.0000   -7.5000    7.500017125.8223   18.7071
    7.5000   -7.5000    7.500015928.2773   18.7393
   -7.5000    0.0000    7.500016548.6211   18.6107
    0.0000    0.0000    7.500017176.9863   18.6684
    7.5000    0.0000    7.500016036.3008   18.6983
   -7.5000    7.5000    7.500015393.0400   18.7486
    0.0000    7.5000    7.500015961.0332   18.8063
    7.5000    7.5000    7.500014979.2529   18.8394
   -7.5000   15.0000    7.500014326.1396   19.0537
    0.0000   15.0000    7.500014864.4424   19.1138
    7.5000   15.0000    7.500013970.0645   19.1535
   -7.5000   22.5000    7.500013304.1426   19.4245
    0.0000   22.5000    7.500013795.7734   19.4874
    7.5000   22.5000    7.500013005.3643   19.5317
   -7.5000   30.0000    7.500012286.8691   19.6026
    0.0000   30.0000    7.500012724.9326   19.6651
    7.5000   30.0000    7.500011999.6025   19.7068
   -7.5000   37.5000    7.500011719.6318   20.1230
    0.0000   37.5000    7.500012124.6875   20.1852
    7.5000   37.5000    7.500011453.2500   20.2221
   -7.5000   45.0000    7.500010684.0439   20.2986
    0.0000   45.0000    7.500011055.5156   20.3600
    7.5000   45.0000    7.500010453.1445   20.3924
   -7.5000  -45.0000   15.000012514.3125   19.2155
    0.0000  -45.0000   15.000012975.6318   19.2757
    7.5000  -45.0000   15.000012230.2256   19.3073
   -7.5000  -37.5000   15.000013076.4648   19.2769
    0.0000  -37.5000   15.000013615.5059   19.3366
    7.5000  -37.5000   15.000012740.4883   19.3703
   -7.5000  -30.0000   15.000013981.6680   19.1785
    0.0000  -30.0000   15.000014630.7490   19.2386
    7.5000  -30.0000   15.000013623.6436   19.2779
   -7.5000  -22.5000   15.000014692.9092   19.0489
    0.0000  -22.5000   15.000015278.9648   19.1102
    7.5000  -22.5000   15.000014294.1270   19.1529
   -7.5000  -15.0000   15.000015143.1582   18.8997
    0.0000  -15.0000   15.000015723.2539   18.9620
    7.5000  -15.0000   15.000014736.7021   19.0029
   -7.5000   -7.5000   15.000015422.9131   18.7697
    0.0000   -7.5000   15.000015996.6689   18.8317
    7.5000   -7.5000   15.000015058.2393   18.8670
   -7.5000    0.0000   15.000015462.5645   18.7376
    0.0000    0.0000   15.000016068.7656   18.7988
    7.5000    0.0000   15.000015166.0078   18.8311
   -7.5000    7.5000   15.000014371.5449   18.8749
    0.0000    7.5000   15.000014928.1416   18.9359
    7.5000    7.5000   15.000014121.1895   18.9702
   -7.5000   15.0000   15.000013395.8447   19.1731
    0.0000   15.0000   15.000013897.1797   19.2363
    7.5000   15.0000   15.000013157.0938   19.2770
   -7.5000   22.5000   15.000012494.8359   19.5387
    0.0000   22.5000   15.000012946.0156   19.6057
    7.5000   22.5000   15.000012259.2207   19.6518
   -7.5000   30.0000   15.000011555.5332   19.7214
    0.0000   30.0000   15.000011945.2119   19.7884
    7.5000   30.0000   15.000011291.4600   19.8330
   -7.5000   37.5000   15.000011044.4580   20.2439
    0.0000   37.5000   15.000011398.3018   20.3109
    7.5000   37.5000   15.000010783.7578   20.3515
   -7.5000   45.0000   15.000010061.6592   20.4214
    0.0000   45.0000   15.000010398.0205   20.4876
    7.5000   45.0000   15.0000 9837.3564   20.5222
   -7.5000  -45.0000   22.500011751.1123   19.3617
    0.0000  -45.0000   22.500012181.2695   19.4212
    7.5000  -45.0000   22.500011521.9424   19.4518
   -7.5000  -37.5000   22.500012169.1182   19.4152
    0.0000  -37.5000   22.500012648.0439   19.4736
    7.5000  -37.5000   22.500011950.4336   19.5064
   -7.5000  -30.0000   22.500012893.2412   19.3117
    0.0000  -30.0000   22.500013415.2549   19.3713
    7.5000  -30.0000   22.500012647.1689   19.4102
   -7.5000  -22.5000   22.500013483.9453   19.1856
    0.0000  -22.5000   22.500013965.3643   19.2479
    7.5000  -22.5000   22.500013211.6992   19.2909
   -7.5000  -15.0000   22.500013909.7090   19.0467
    0.0000  -15.0000   22.500014405.0264   19.1104
    7.5000  -15.0000   22.500013618.6201   19.1517
   -7.5000   -7.5000   22.500014193.2100   18.9254
    0.0000   -7.5000   22.500014704.3457   18.9881
    7.5000   -7.5000   22.500013905.8076   19.0232
   -7.5000    0.0000   22.500014274.7637   18.8943
    0.0000    0.0000   22.500014794.2871   18.9548
    7.5000    0.0000   22.500014010.6045   18.9860
   -7.5000    7.5000   22.500013296.6963   19.0222
    0.0000    7.5000   22.500013778.8164   19.0818
    7.5000    7.5000   22.500013068.9902   19.1151
   -7.5000   15.0000   22.500012407.4561   19.3134
    0.0000   15.0000   22.500012848.0479   19.3756
    7.5000   15.0000   22.500012198.7266   19.4157
   -7.5000   22.5000   22.500011565.4365   19.6867
    0.0000   22.5000   22.500011968.8672   19.7547
    7.5000   22.5000   22.500011363.0732   19.8012
   -7.5000   30.0000   22.500010702.3301   19.8797
    0.0000   30.0000   22.500011065.4590   19.9481
    7.5000   30.0000   22.500010494.5693   19.9935
   -7.5000   37.5000   22.500010244.4453   20.4129
    0.0000   37.5000   22.500010585.4590   20.4795
    7.5000   37.5000   22.500010034.2373   20.5201
   -7.5000   45.0000   22.5000 9363.2422   20.5916
    0.0000   45.0000   22.5000 9681.5000   20.6564
    7.5000   45.0000   22.5000 9173.2314   20.6907
   -7.5000  -45.0000   30.000010891.1162   19.7296
    0.0000  -45.0000   30.000011312.2266   19.7895
    7.5000  -45.0000   30.000010728.9990   19.8171
   -7.5000  -37.5000   30.000011248.0166   19.7757
    0.0000  -37.5000   30.000011707.8633   19.8340
    7.5000  -37.5000   30.000011091.5605   19.8647
   -7.5000  -30.0000   30.000011897.5635   19.6678
    0.0000  -30.0000   30.000012383.4268   19.7275
    7.5000  -30.0000   30.000011698.4170   19.7653
   -7.5000  -22.5000   30.000012446.6455   19.5462
    0.0000  -22.5000   30.000012893.4355   19.6094
    7.5000  -22.5000   30.000012217.5283   19.6513
   -7.5000  -15.0000   30.000012804.4287   19.4144
    0.0000  -15.0000   30.000013260.4775   19.4797
    7.5000  -15.0000   30.000012561.5986   19.5196
   -7.5000   -7.5000   30.000013047.9189   19.2961
    0.0000   -7.5000   30.000013519.5029   19.3600
    7.5000   -7.5000   30.000012805.4531   19.3930
   -7.5000    0.0000   30.000013156.7539   19.2614
    0.0000    0.0000   30.000013646.2637   19.3224
    7.5000    0.0000   30.000012941.1201   19.3510
   -7.5000    7.5000   30.000012288.9600   19.3825
    0.0000    7.5000   30.000012749.3457   19.4421
    7.5000    7.5000   30.000012095.6748   19.4734
   -7.5000   15.0000   30.000011489.9414   19.6780
    0.0000   15.0000   30.000011904.1113   19.7402
    7.5000   15.0000   30.000011311.6582   19.7792
   -7.5000   22.5000   30.000010689.0332   20.0721
    0.0000   22.5000   30.000011075.2861   20.1413
    7.5000   22.5000   30.000010508.9570   20.1874
   -7.5000   30.0000   30.0000 9874.8320   20.2786
    0.0000   30.0000   30.000010236.7441   20.3490
    7.5000   30.0000   30.0000 9699.3105   20.3938
   -7.5000   37.5000   30.0000 9500.9385   20.8384
    0.0000   37.5000   30.0000 9847.2734   20.9052
    7.5000   37.5000   30.0000 9333.5107   20.9438
   -7.5000   45.0000   30.0000 8725.0850   21.0305
    0.0000   45.0000   30.0000 9036.8818   21.0946
    7.5000   45.0000   30.0000 8571.3545   21.1277
   -7.5000  -45.0000   37.500010495.0742   20.2121
    0.0000  -45.0000   37.500010893.1514   20.2718
    7.5000  -45.0000   37.500010351.8428   20.2945
   -7.5000  -37.5000   37.500010856.9043   20.2606
    0.0000  -37.5000   37.500011285.2881   20.3192
    7.5000  -37.5000   37.500010705.0811   20.3462
   -7.5000  -30.0000   37.500011455.4980   20.1554
    0.0000  -30.0000   37.500011908.5322   20.2148
    7.5000  -30.0000   37.500011268.1670   20.2498
   -7.5000  -22.5000   37.500011959.2793   20.0353
    0.0000  -22.5000   37.500012394.8672   20.0975
    7.5000  -22.5000   37.500011738.3467   20.1356
   -7.5000  -15.0000   37.500012269.2998   19.8986
    0.0000  -15.0000   37.500012707.7549   19.9630
    7.5000  -15.0000   37.500012036.7510   19.9979
   -7.5000   -7.5000   37.500012491.0498   19.7703
    0.0000   -7.5000   37.500012929.9814   19.8340
    7.5000   -7.5000   37.500012263.5527   19.8621
   -7.5000    0.0000   37.500012627.6729   19.7288
    0.0000    0.0000   37.500013080.1289   19.7898
    7.5000    0.0000   37.500012418.9180   19.8145
   -7.5000    7.5000   37.500011829.8184   19.8554
    0.0000    7.5000   37.500012261.6230   19.9152
    7.5000    7.5000   37.500011647.2246   19.9437
   -7.5000   15.0000   37.500011072.0352   20.1698
    0.0000   15.0000   37.500011481.5127   20.2323
    7.5000   15.0000   37.500010912.3906   20.2688
   -7.5000   22.5000   37.500010276.1992   20.5852
    0.0000   22.5000   37.500010667.3818   20.6542
    7.5000   22.5000   37.500010135.2109   20.6968
   -7.5000   30.0000   37.5000 9504.6777   20.7992
    0.0000   30.0000   37.5000 9863.3984   20.8697
    7.5000   30.0000   37.5000 9346.7549   20.9097
   -7.5000   37.5000   37.5000 9156.1914   21.3873
    0.0000   37.5000   37.5000 9501.7764   21.4539
    7.5000   37.5000   37.5000 9002.6602   21.4866
   -7.5000   45.0000   37.5000 8445.6514   21.6010
    0.0000   45.0000   37.5000 8767.4561   21.6647
    7.5000   45.0000   37.5000 8311.3086   21.6940
   -7.5000  -45.0000   45.0000 9723.6982   20.7997
    0.0000  -45.0000   45.000010092.3057   20.8608
    7.5000  -45.0000   45.0000 9592.9375   20.8825
   -7.5000  -37.5000   45.000010044.5508   20.8589
    0.0000  -37.5000   45.000010431.6465   20.9188
    7.5000  -37.5000   45.0000 9914.0439   20.9457
   -7.5000  -30.0000   45.000010580.4551   20.7606
    0.0000  -30.0000   45.000010981.2012   20.8206
    7.5000  -30.0000   45.000010423.9795   20.8545
   -7.5000  -22.5000   45.000011011.2090   20.6394
    0.0000  -22.5000   45.000011412.2256   20.7012
    7.5000  -22.5000   45.000010818.6533   20.7364
   -7.5000  -15.0000   45.000011291.8135   20.4914
    0.0000  -15.0000   45.000011690.5303   20.5553
    7.5000  -15.0000   45.000011086.6240   20.5868
   -7.5000   -7.5000   45.000011485.5537   20.3485
    0.0000   -7.5000   45.000011905.9023   20.4128
    7.5000   -7.5000   45.000011283.3711   20.4385
   -7.5000    0.0000   45.000011626.2324   20.3011
    0.0000    0.0000   45.000012066.3232   20.3638
    7.5000    0.0000   45.000011434.4912   20.3883
   -7.5000    7.5000   45.000010892.9131   20.4410
    0.0000    7.5000   45.000011307.6650   20.5024
    7.5000    7.5000   45.000010735.5479   20.5313
   -7.5000   15.0000   45.000010217.3027   20.7799
    0.0000   15.0000   45.000010619.3311   20.8431
    7.5000   15.0000   45.000010083.1572   20.8786
   -7.5000   22.5000   45.0000 9510.0859   21.2139
    0.0000   22.5000   45.0000 9881.6436   21.2820
    7.5000   22.5000   45.0000 9389.8486   21.3206
   -7.5000   30.0000   45.0000 8784.2568   21.4350
    0.0000   30.0000   45.0000 9129.3926   21.5046
    7.5000   30.0000   45.0000 8670.0820   21.5393
   -7.5000   37.5000   45.0000 8459.8506   22.0494
    0.0000   37.5000   45.0000 8785.9268   22.1167
    7.5000   37.5000   45.0000 8333.4785   22.1448
   -7.5000   45.0000   45.0000 7810.3169   22.2953
    0.0000   45.0000   45.0000 8108.8340   22.3602
    7.5000   45.0000   45.0000 7688.5215   22.3866

---------------------------------------------------------------------
imgreg_4dfp /usr/local/freesurfer/7.2.0/average/711-2C_as_mni_average_305 /usr/local/freesurfer/7.2.0/average/711-2B_as_mni_average_305_mask talsrcimg_g11 none talsrcimg_to_711-2C_as_mni_average_305_t4 4355
---------------------------------------------------------------------

freesurfer imgreg_4dfp.c
/usr/local/freesurfer/7.2.0/average/711-2C_as_mni_average_305.4dfp.img
       256       256       256         1
  1.000000  1.000000  1.000000
orientation T byte_order littleendian
Reading image: /usr/local/freesurfer/7.2.0/average/711-2C_as_mni_average_305.4dfp.img
dimensions:      256       256       256
mmppix:       1.0000   -1.0000   -1.0000
center:     128.0000 -129.0000 -129.0000
/usr/local/freesurfer/7.2.0/average/711-2B_as_mni_average_305_mask.4dfp.img
       256       256       256         1
  1.000000  1.000000  1.000000
orientation T byte_order littleendian
Reading mask: /usr/local/freesurfer/7.2.0/average/711-2B_as_mni_average_305_mask.4dfp.img (2306576 pixels)
talsrcimg_g11.4dfp.img
       256       256       256         1
  1.000000  1.000000  1.000000
orientation T byte_order littleendian
Reading image: talsrcimg_g11.4dfp.img
dimensions:      256       256       256
mmppix:       1.0000   -1.0000   -1.0000
center:     128.0000 -129.0000 -129.0000
rotation matrix determinant  1.000000
image alignment mode   4355 decimal     1103 hex
   -7.5000  -45.0000  -45.0000 2456.3577   18.2778
    0.0000  -45.0000  -45.0000 2466.6750   18.2323
    7.5000  -45.0000  -45.0000 2434.6887   18.4884
   -7.5000  -37.5000  -45.0000 2492.1160   17.5555
    0.0000  -37.5000  -45.0000 2500.7385   17.5017
    7.5000  -37.5000  -45.0000 2463.6404   17.7905
   -7.5000  -30.0000  -45.0000 2508.8005   17.0654
    0.0000  -30.0000  -45.0000 2518.2915   17.0627
    7.5000  -30.0000  -45.0000 2480.3306   17.3504
   -7.5000  -22.5000  -45.0000 2515.9158   16.8045
    0.0000  -22.5000  -45.0000 2525.6265   16.7669
    7.5000  -22.5000  -45.0000 2488.8276   17.0459
   -7.5000  -15.0000  -45.0000 2522.2397   16.7072
    0.0000  -15.0000  -45.0000 2528.9246   16.6466
    7.5000  -15.0000  -45.0000 2492.4707   16.9537
   -7.5000   -7.5000  -45.0000 2521.3752   16.8118
    0.0000   -7.5000  -45.0000 2529.9502   16.7490
    7.5000   -7.5000  -45.0000 2491.7131   17.0444
   -7.5000    0.0000  -45.0000 2500.5833   17.2531
    0.0000    0.0000  -45.0000 2508.8616   17.1861
    7.5000    0.0000  -45.0000 2474.2368   17.4520
   -7.5000    7.5000  -45.0000 2454.9363   17.9755
    0.0000    7.5000  -45.0000 2462.8728   17.8848
    7.5000    7.5000  -45.0000 2425.1240   18.1570
   -7.5000   15.0000  -45.0000 2385.3630   18.9391
    0.0000   15.0000  -45.0000 2392.5378   18.8679
    7.5000   15.0000  -45.0000 2354.3574   19.1545
   -7.5000   22.5000  -45.0000 2296.3657   20.2302
    0.0000   22.5000  -45.0000 2301.8201   20.1828
    7.5000   22.5000  -45.0000 2272.1907   20.5091
   -7.5000   30.0000  -45.0000 2194.8997   21.9930
    0.0000   30.0000  -45.0000 2200.6726   21.9317
    7.5000   30.0000  -45.0000 2171.6074   22.2786
   -7.5000   37.5000  -45.0000 2087.3835   24.3345
    0.0000   37.5000  -45.0000 2090.9038   24.3218
    7.5000   37.5000  -45.0000 2064.5496   24.6516
   -7.5000   45.0000  -45.0000 1968.0555   27.4049
    0.0000   45.0000  -45.0000 1972.9468   27.4139
    7.5000   45.0000  -45.0000 1945.4851   27.8340
   -7.5000  -45.0000  -37.5000 2525.4343   17.3351
    0.0000  -45.0000  -37.5000 2537.2971   17.3010
    7.5000  -45.0000  -37.5000 2505.7305   17.5250
   -7.5000  -37.5000  -37.5000 2561.6731   16.5747
    0.0000  -37.5000  -37.5000 2571.8357   16.5143
    7.5000  -37.5000  -37.5000 2538.6204   16.7791
   -7.5000  -30.0000  -37.5000 2586.8252   16.0383
    0.0000  -30.0000  -37.5000 2597.7969   16.0040
    7.5000  -30.0000  -37.5000 2560.4573   16.2596
   -7.5000  -22.5000  -37.5000 2602.6729   15.7652
    0.0000  -22.5000  -37.5000 2609.7000   15.7013
    7.5000  -22.5000  -37.5000 2574.2383   15.9824
   -7.5000  -15.0000  -37.5000 2609.5312   15.6961
    0.0000  -15.0000  -37.5000 2615.4058   15.6217
    7.5000  -15.0000  -37.5000 2579.3145   15.9131
   -7.5000   -7.5000  -37.5000 2605.7593   15.8456
    0.0000   -7.5000  -37.5000 2616.0518   15.7856
    7.5000   -7.5000  -37.5000 2574.9431   16.0368
   -7.5000    0.0000  -37.5000 2588.3860   16.2813
    0.0000    0.0000  -37.5000 2601.6365   16.2163
    7.5000    0.0000  -37.5000 2559.4910   16.4283
   -7.5000    7.5000  -37.5000 2541.9973   16.9119
    0.0000    7.5000  -37.5000 2551.5049   16.8276
    7.5000    7.5000  -37.5000 2508.1570   17.0734
   -7.5000   15.0000  -37.5000 2469.7261   17.7604
    0.0000   15.0000  -37.5000 2479.6943   17.7136
    7.5000   15.0000  -37.5000 2439.1277   17.9819
   -7.5000   22.5000  -37.5000 2376.1531   18.9783
    0.0000   22.5000  -37.5000 2381.4697   18.9266
    7.5000   22.5000  -37.5000 2346.0396   19.2309
   -7.5000   30.0000  -37.5000 2263.5078   20.6639
    0.0000   30.0000  -37.5000 2269.3406   20.5968
    7.5000   30.0000  -37.5000 2239.4253   20.9143
   -7.5000   37.5000  -37.5000 2149.3755   22.8455
    0.0000   37.5000  -37.5000 2153.4917   22.8093
    7.5000   37.5000  -37.5000 2122.6589   23.1382
   -7.5000   45.0000  -37.5000 2024.3083   25.7915
    0.0000   45.0000  -37.5000 2032.0594   25.7962
    7.5000   45.0000  -37.5000 1999.4796   26.1760
   -7.5000  -45.0000  -30.0000 2627.6125   17.0505
    0.0000  -45.0000  -30.0000 2638.6311   17.0081
    7.5000  -45.0000  -30.0000 2609.6721   17.2378
   -7.5000  -37.5000  -30.0000 2673.6418   16.2016
    0.0000  -37.5000  -30.0000 2687.8047   16.1671
    7.5000  -37.5000  -30.0000 2656.8904   16.4207
   -7.5000  -30.0000  -30.0000 2706.6428   15.6033
    0.0000  -30.0000  -30.0000 2719.9214   15.5750
    7.5000  -30.0000  -30.0000 2684.6072   15.8374
   -7.5000  -22.5000  -30.0000 2728.7373   15.2597
    0.0000  -22.5000  -30.0000 2736.4868   15.2217
    7.5000  -22.5000  -30.0000 2701.7095   15.5051
   -7.5000  -15.0000  -30.0000 2741.3499   15.1787
    0.0000  -15.0000  -30.0000 2748.6992   15.1407
    7.5000  -15.0000  -30.0000 2710.7373   15.3927
   -7.5000   -7.5000  -30.0000 2744.5425   15.3684
    0.0000   -7.5000  -30.0000 2760.2119   15.3075
    7.5000   -7.5000  -30.0000 2712.4390   15.5392
   -7.5000    0.0000  -30.0000 2731.3179   15.8034
    0.0000    0.0000  -30.0000 2743.3618   15.7580
    7.5000    0.0000  -30.0000 2698.1768   15.9419
   -7.5000    7.5000  -30.0000 2681.0107   16.4538
    0.0000    7.5000  -30.0000 2694.9780   16.3979
    7.5000    7.5000  -30.0000 2646.4976   16.6024
   -7.5000   15.0000  -30.0000 2604.6760   17.2945
    0.0000   15.0000  -30.0000 2613.4910   17.2286
    7.5000   15.0000  -30.0000 2571.3955   17.4806
   -7.5000   22.5000  -30.0000 2503.4773   18.4514
    0.0000   22.5000  -30.0000 2512.3127   18.3819
    7.5000   22.5000  -30.0000 2471.9492   18.6762
   -7.5000   30.0000  -30.0000 2381.6765   20.1143
    0.0000   30.0000  -30.0000 2387.8713   20.0472
    7.5000   30.0000  -30.0000 2352.1877   20.3397
   -7.5000   37.5000  -30.0000 2255.7920   22.2675
    0.0000   37.5000  -30.0000 2258.5532   22.2136
    7.5000   37.5000  -30.0000 2224.1655   22.5574
   -7.5000   45.0000  -30.0000 2117.2986   25.1577
    0.0000   45.0000  -30.0000 2123.3596   25.0881
    7.5000   45.0000  -30.0000 2088.8572   25.4774
   -7.5000  -45.0000  -22.5000 2690.9004   16.7445
    0.0000  -45.0000  -22.5000 2706.4702   16.6951
    7.5000  -45.0000  -22.5000 2677.7751   16.9290
   -7.5000  -37.5000  -22.5000 2740.0674   15.8460
    0.0000  -37.5000  -22.5000 2756.8516   15.8280
    7.5000  -37.5000  -22.5000 2723.7451   16.0594
   -7.5000  -30.0000  -22.5000 2778.4688   15.1364
    0.0000  -30.0000  -22.5000 2792.5911   15.1336
    7.5000  -30.0000  -22.5000 2761.1482   15.3918
   -7.5000  -22.5000  -22.5000 2811.4978   14.6892
    0.0000  -22.5000  -22.5000 2821.8674   14.6529
    7.5000  -22.5000  -22.5000 2787.7908   14.9797
   -7.5000  -15.0000  -22.5000 2836.3833   14.5726
    0.0000  -15.0000  -22.5000 2850.5520   14.5143
    7.5000  -15.0000  -22.5000 2802.5769   14.7884
   -7.5000   -7.5000  -22.5000 2852.6011   14.8143
    0.0000   -7.5000  -22.5000 2871.9504   14.7595
    7.5000   -7.5000  -22.5000 2814.9810   14.9902
   -7.5000    0.0000  -22.5000 2836.3247   15.2547
    0.0000    0.0000  -22.5000 2856.6138   15.1793
    7.5000    0.0000  -22.5000 2800.6494   15.3845
   -7.5000    7.5000  -22.5000 2786.4639   15.8835
    0.0000    7.5000  -22.5000 2801.7019   15.8112
    7.5000    7.5000  -22.5000 2748.6733   16.0216
   -7.5000   15.0000  -22.5000 2704.7090   16.7406
    0.0000   15.0000  -22.5000 2717.9863   16.6604
    7.5000   15.0000  -22.5000 2670.5544   16.9098
   -7.5000   22.5000  -22.5000 2596.9270   17.9042
    0.0000   22.5000  -22.5000 2606.3669   17.8328
    7.5000   22.5000  -22.5000 2563.6541   18.1341
   -7.5000   30.0000  -22.5000 2466.3994   19.5811
    0.0000   30.0000  -22.5000 2474.4568   19.4805
    7.5000   30.0000  -22.5000 2434.7786   19.8035
   -7.5000   37.5000  -22.5000 2325.0249   21.7193
    0.0000   37.5000  -22.5000 2331.7024   21.6392
    7.5000   37.5000  -22.5000 2294.1104   21.9745
   -7.5000   45.0000  -22.5000 2172.1899   24.4991
    0.0000   45.0000  -22.5000 2183.7322   24.4591
    7.5000   45.0000  -22.5000 2146.0474   24.8172
   -7.5000  -45.0000  -15.0000 2713.6426   16.5030
    0.0000  -45.0000  -15.0000 2728.4973   16.4645
    7.5000  -45.0000  -15.0000 2702.1008   16.6966
   -7.5000  -37.5000  -15.0000 2768.0979   15.6195
    0.0000  -37.5000  -15.0000 2784.4453   15.5923
    7.5000  -37.5000  -15.0000 2754.0959   15.8104
   -7.5000  -30.0000  -15.0000 2816.1992   14.8236
    0.0000  -30.0000  -15.0000 2835.6521   14.8292
    7.5000  -30.0000  -15.0000 2800.9795   15.0998
   -7.5000  -22.5000  -15.0000 2860.1221   14.2656
    0.0000  -22.5000  -15.0000 2872.8770   14.2740
    7.5000  -22.5000  -15.0000 2838.3196   14.6197
   -7.5000  -15.0000  -15.0000 2894.5417   14.0655
    0.0000  -15.0000  -15.0000 2912.9531   14.0274
    7.5000  -15.0000  -15.0000 2861.7659   14.3563
   -7.5000   -7.5000  -15.0000 2916.1216   14.3103
    0.0000   -7.5000  -15.0000 2938.4661   14.2417
    7.5000   -7.5000  -15.0000 2880.6113   14.5235
   -7.5000    0.0000  -15.0000 2898.7717   14.7491
    0.0000    0.0000  -15.0000 2920.6973   14.6675
    7.5000    0.0000  -15.0000 2864.4683   14.9271
   -7.5000    7.5000  -15.0000 2847.4495   15.3658
    0.0000    7.5000  -15.0000 2867.3364   15.2853
    7.5000    7.5000  -15.0000 2812.5164   15.5601
   -7.5000   15.0000  -15.0000 2757.8560   16.2737
    0.0000   15.0000  -15.0000 2776.7393   16.1983
    7.5000   15.0000  -15.0000 2728.4536   16.5044
   -7.5000   22.5000  -15.0000 2648.2559   17.4881
    0.0000   22.5000  -15.0000 2661.2344   17.4184
    7.5000   22.5000  -15.0000 2616.5632   17.7746
   -7.5000   30.0000  -15.0000 2510.4243   19.1357
    0.0000   30.0000  -15.0000 2525.0393   19.0781
    7.5000   30.0000  -15.0000 2488.2710   19.4628
   -7.5000   37.5000  -15.0000 2360.4360   21.2445
    0.0000   37.5000  -15.0000 2371.7673   21.2263
    7.5000   37.5000  -15.0000 2338.6521   21.5972
   -7.5000   45.0000  -15.0000 2206.5601   23.8955
    0.0000   45.0000  -15.0000 2216.0044   23.8923
    7.5000   45.0000  -15.0000 2178.8318   24.3257
   -7.5000  -45.0000   -7.5000 2709.2847   16.3788
    0.0000  -45.0000   -7.5000 2716.8865   16.3107
    7.5000  -45.0000   -7.5000 2689.7910   16.5494
   -7.5000  -37.5000   -7.5000 2772.3367   15.5109
    0.0000  -37.5000   -7.5000 2785.7388   15.4956
    7.5000  -37.5000   -7.5000 2757.0115   15.6860
   -7.5000  -30.0000   -7.5000 2826.0623   14.7676
    0.0000  -30.0000   -7.5000 2845.7917   14.7743
    7.5000  -30.0000   -7.5000 2809.5596   14.9910
   -7.5000  -22.5000   -7.5000 2879.6436   14.1954
    0.0000  -22.5000   -7.5000 2901.1365   14.1984
    7.5000  -22.5000   -7.5000 2859.9939   14.4876
   -7.5000  -15.0000   -7.5000 2918.7820   13.8180
    0.0000  -15.0000   -7.5000 2946.3557   13.8019
    7.5000  -15.0000   -7.5000 2886.2104   14.1487
   -7.5000   -7.5000   -7.5000 2938.7729   13.9079
    0.0000   -7.5000   -7.5000 2964.1267   13.8535
    7.5000   -7.5000   -7.5000 2906.7026   14.2007
   -7.5000    0.0000   -7.5000 2919.8970   14.3362
    0.0000    0.0000   -7.5000 2940.9434   14.2465
    7.5000    0.0000   -7.5000 2890.1294   14.6021
   -7.5000    7.5000   -7.5000 2869.3518   15.0322
    0.0000    7.5000   -7.5000 2889.4480   14.9274
    7.5000    7.5000   -7.5000 2836.5376   15.2751
   -7.5000   15.0000   -7.5000 2778.4846   15.9744
    0.0000   15.0000   -7.5000 2799.8987   15.8993
    7.5000   15.0000   -7.5000 2749.1682   16.2244
   -7.5000   22.5000   -7.5000 2663.7007   17.2608
    0.0000   22.5000   -7.5000 2677.2354   17.1858
    7.5000   22.5000   -7.5000 2632.7805   17.5088
   -7.5000   30.0000   -7.5000 2526.9963   18.9305
    0.0000   30.0000   -7.5000 2539.6541   18.8641
    7.5000   30.0000   -7.5000 2503.0806   19.1995
   -7.5000   37.5000   -7.5000 2376.8362   21.0325
    0.0000   37.5000   -7.5000 2386.4512   20.9826
    7.5000   37.5000   -7.5000 2353.4287   21.3275
   -7.5000   45.0000   -7.5000 2217.7336   23.6370
    0.0000   45.0000   -7.5000 2228.1550   23.6190
    7.5000   45.0000   -7.5000 2196.7556   24.0289
   -7.5000  -45.0000    0.0000 2678.6318   16.4178
    0.0000  -45.0000    0.0000 2686.7410   16.3560
    7.5000  -45.0000    0.0000 2666.5376   16.5694
   -7.5000  -37.5000    0.0000 2744.4607   15.6020
    0.0000  -37.5000    0.0000 2758.3552   15.5859
    7.5000  -37.5000    0.0000 2736.7893   15.8014
   -7.5000  -30.0000    0.0000 2811.4294   14.9931
    0.0000  -30.0000    0.0000 2836.9517   15.0704
    7.5000  -30.0000    0.0000 2800.9783   15.2078
   -7.5000  -22.5000    0.0000 2875.8420   14.4920
    0.0000  -22.5000    0.0000 2900.0684   14.5224
    7.5000  -22.5000    0.0000 2862.2073   14.7479
   -7.5000  -15.0000    0.0000 2919.3196   14.0608
    0.0000  -15.0000    0.0000 2949.0850   14.0631
    7.5000  -15.0000    0.0000 2893.9917   14.3428
   -7.5000   -7.5000    0.0000 2935.7136   14.0063
    0.0000   -7.5000    0.0000 2958.2373   13.9407
    7.5000   -7.5000    0.0000 2906.5139   14.2817
   -7.5000    0.0000    0.0000 2920.4121   14.3266
    0.0000    0.0000    0.0000 2935.8809   14.2532
    7.5000    0.0000    0.0000 2887.5132   14.5707
   -7.5000    7.5000    0.0000 2864.9922   15.0164
    0.0000    7.5000    0.0000 2880.3198   14.9302
    7.5000    7.5000    0.0000 2833.7422   15.2249
   -7.5000   15.0000    0.0000 2770.8884   16.0016
    0.0000   15.0000    0.0000 2789.8491   15.9251
    7.5000   15.0000    0.0000 2739.8059   16.1881
   -7.5000   22.5000    0.0000 2655.6001   17.3372
    0.0000   22.5000    0.0000 2665.5620   17.2692
    7.5000   22.5000    0.0000 2626.4268   17.5035
   -7.5000   30.0000    0.0000 2522.0715   19.0064
    0.0000   30.0000    0.0000 2531.1602   18.9110
    7.5000   30.0000    0.0000 2495.8169   19.1907
   -7.5000   37.5000    0.0000 2372.4136   21.0816
    0.0000   37.5000    0.0000 2379.2236   21.0513
    7.5000   37.5000    0.0000 2348.3416   21.3254
   -7.5000   45.0000    0.0000 2210.7896   23.6378
    0.0000   45.0000    0.0000 2221.2346   23.6529
    7.5000   45.0000    0.0000 2190.7295   23.9701
   -7.5000  -45.0000    7.5000 2639.8396   16.6882
    0.0000  -45.0000    7.5000 2652.4287   16.6422
    7.5000  -45.0000    7.5000 2637.3435   16.8916
   -7.5000  -37.5000    7.5000 2705.0710   16.0053
    0.0000  -37.5000    7.5000 2721.9460   15.9812
    7.5000  -37.5000    7.5000 2701.5405   16.1838
   -7.5000  -30.0000    7.5000 2780.6633   15.5139
    0.0000  -30.0000    7.5000 2806.0547   15.5813
    7.5000  -30.0000    7.5000 2772.0342   15.6624
   -7.5000  -22.5000    7.5000 2852.5791   15.0535
    0.0000  -22.5000    7.5000 2873.7827   15.0777
    7.5000  -22.5000    7.5000 2829.6860   15.1965
   -7.5000  -15.0000    7.5000 2900.4719   14.6608
    0.0000  -15.0000    7.5000 2923.3337   14.6074
    7.5000  -15.0000    7.5000 2865.9199   14.7957
   -7.5000   -7.5000    7.5000 2918.6414   14.5901
    0.0000   -7.5000    7.5000 2941.4946   14.5231
    7.5000   -7.5000    7.5000 2884.4287   14.7523
   -7.5000    0.0000    7.5000 2891.3564   14.8199
    0.0000    0.0000    7.5000 2911.8611   14.7672
    7.5000    0.0000    7.5000 2863.6484   14.9884
   -7.5000    7.5000    7.5000 2823.6765   15.3725
    0.0000    7.5000    7.5000 2841.4070   15.3144
    7.5000    7.5000    7.5000 2804.3359   15.5608
   -7.5000   15.0000    7.5000 2736.1265   16.2274
    0.0000   15.0000    7.5000 2755.0088   16.1657
    7.5000   15.0000    7.5000 2712.0515   16.4543
   -7.5000   22.5000    7.5000 2627.7949   17.5167
    0.0000   22.5000    7.5000 2636.8418   17.4504
    7.5000   22.5000    7.5000 2605.7739   17.7395
   -7.5000   30.0000    7.5000 2494.7478   19.1677
    0.0000   30.0000    7.5000 2500.5220   19.0842
    7.5000   30.0000    7.5000 2477.2000   19.3834
   -7.5000   37.5000    7.5000 2349.1099   21.2534
    0.0000   37.5000    7.5000 2356.1057   21.1907
    7.5000   37.5000    7.5000 2329.4585   21.5020
   -7.5000   45.0000    7.5000 2194.6682   23.8761
    0.0000   45.0000    7.5000 2204.5708   23.8378
    7.5000   45.0000    7.5000 2180.7244   24.1806
   -7.5000  -45.0000   15.0000 2597.4858   17.3605
    0.0000  -45.0000   15.0000 2610.7126   17.3165
    7.5000  -45.0000   15.0000 2591.8386   17.5258
   -7.5000  -37.5000   15.0000 2663.0117   16.7215
    0.0000  -37.5000   15.0000 2675.6567   16.7004
    7.5000  -37.5000   15.0000 2648.3049   16.8384
   -7.5000  -30.0000   15.0000 2729.2896   16.1396
    0.0000  -30.0000   15.0000 2752.4375   16.1432
    7.5000  -30.0000   15.0000 2715.8008   16.2674
   -7.5000  -22.5000   15.0000 2800.0898   15.5958
    0.0000  -22.5000   15.0000 2817.8245   15.5554
    7.5000  -22.5000   15.0000 2778.5559   15.8088
   -7.5000  -15.0000   15.0000 2845.2031   15.2784
    0.0000  -15.0000   15.0000 2869.8459   15.1899
    7.5000  -15.0000   15.0000 2815.5259   15.4968
   -7.5000   -7.5000   15.0000 2862.4441   15.2672
    0.0000   -7.5000   15.0000 2882.0823   15.1758
    7.5000   -7.5000   15.0000 2833.8533   15.4752
   -7.5000    0.0000   15.0000 2829.6821   15.5239
    0.0000    0.0000   15.0000 2851.0261   15.4569
    7.5000    0.0000   15.0000 2811.2244   15.7299
   -7.5000    7.5000   15.0000 2757.6594   16.0650
    0.0000    7.5000   15.0000 2779.0295   15.9874
    7.5000    7.5000   15.0000 2746.5977   16.2647
   -7.5000   15.0000   15.0000 2671.6814   16.8723
    0.0000   15.0000   15.0000 2688.6350   16.7981
    7.5000   15.0000   15.0000 2655.8735   17.1074
   -7.5000   22.5000   15.0000 2578.9058   18.0339
    0.0000   22.5000   15.0000 2588.7224   17.9437
    7.5000   22.5000   15.0000 2560.6658   18.2585
   -7.5000   30.0000   15.0000 2452.5991   19.5988
    0.0000   30.0000   15.0000 2460.1270   19.5090
    7.5000   30.0000   15.0000 2436.4026   19.8360
   -7.5000   37.5000   15.0000 2314.3159   21.6415
    0.0000   37.5000   15.0000 2318.2476   21.5458
    7.5000   37.5000   15.0000 2301.2495   21.8884
   -7.5000   45.0000   15.0000 2167.4033   24.2663
    0.0000   45.0000   15.0000 2177.4858   24.1734
    7.5000   45.0000   15.0000 2154.4683   24.5178
   -7.5000  -45.0000   22.5000 2555.1304   18.1214
    0.0000  -45.0000   22.5000 2570.0356   18.0405
    7.5000  -45.0000   22.5000 2549.4543   18.2623
   -7.5000  -37.5000   22.5000 2609.7632   17.3925
    0.0000  -37.5000   22.5000 2625.7517   17.3128
    7.5000  -37.5000   22.5000 2603.1709   17.5460
   -7.5000  -30.0000   22.5000 2671.0632   16.7200
    0.0000  -30.0000   22.5000 2693.1504   16.6509
    7.5000  -30.0000   22.5000 2662.0093   16.9222
   -7.5000  -22.5000   22.5000 2735.1970   16.1988
    0.0000  -22.5000   22.5000 2751.4238   16.0960
    7.5000  -22.5000   22.5000 2718.1489   16.4388
   -7.5000  -15.0000   22.5000 2780.1997   15.9459
    0.0000  -15.0000   22.5000 2797.7302   15.8549
    7.5000  -15.0000   22.5000 2757.1521   16.1854
   -7.5000   -7.5000   22.5000 2786.3110   16.0473
    0.0000   -7.5000   22.5000 2802.6277   15.9402
    7.5000   -7.5000   22.5000 2762.6052   16.2610
   -7.5000    0.0000   22.5000 2750.1841   16.4021
    0.0000    0.0000   22.5000 2765.4370   16.3118
    7.5000    0.0000   22.5000 2732.3213   16.6072
   -7.5000    7.5000   22.5000 2684.5515   16.9835
    0.0000    7.5000   22.5000 2704.1746   16.8741
    7.5000    7.5000   22.5000 2675.1123   17.1505
   -7.5000   15.0000   22.5000 2601.5344   17.7659
    0.0000   15.0000   22.5000 2621.8938   17.6498
    7.5000   15.0000   22.5000 2593.6448   17.9490
   -7.5000   22.5000   22.5000 2518.6404   18.8450
    0.0000   22.5000   22.5000 2531.5271   18.7271
    7.5000   22.5000   22.5000 2504.1418   19.0194
   -7.5000   30.0000   22.5000 2400.3120   20.3172
    0.0000   30.0000   22.5000 2410.1326   20.2296
    7.5000   30.0000   22.5000 2385.8152   20.5434
   -7.5000   37.5000   22.5000 2270.5056   22.2676
    0.0000   37.5000   22.5000 2280.4302   22.1926
    7.5000   37.5000   22.5000 2256.8340   22.5455
   -7.5000   45.0000   22.5000 2137.0496   24.8224
    0.0000   45.0000   22.5000 2149.8621   24.7643
    7.5000   45.0000   22.5000 2122.7852   25.1200
   -7.5000  -45.0000   30.0000 2500.2632   18.8797
    0.0000  -45.0000   30.0000 2516.3838   18.7663
    7.5000  -45.0000   30.0000 2494.5889   19.0111
   -7.5000  -37.5000   30.0000 2554.1365   18.1454
    0.0000  -37.5000   30.0000 2572.6741   18.0181
    7.5000  -37.5000   30.0000 2548.3425   18.3076
   -7.5000  -30.0000   30.0000 2608.8713   17.5137
    0.0000  -30.0000   30.0000 2629.7434   17.4044
    7.5000  -30.0000   30.0000 2599.0068   17.6812
   -7.5000  -22.5000   30.0000 2663.2983   17.0342
    0.0000  -22.5000   30.0000 2681.7429   16.8975
    7.5000  -22.5000   30.0000 2650.8176   17.2440
   -7.5000  -15.0000   30.0000 2697.1340   16.8295
    0.0000  -15.0000   30.0000 2710.9622   16.7239
    7.5000  -15.0000   30.0000 2675.9368   17.0536
   -7.5000   -7.5000   30.0000 2693.1196   16.9670
    0.0000   -7.5000   30.0000 2708.6287   16.8538
    7.5000   -7.5000   30.0000 2678.4731   17.1719
   -7.5000    0.0000   30.0000 2656.4905   17.4185
    0.0000    0.0000   30.0000 2672.3767   17.2984
    7.5000    0.0000   30.0000 2648.9375   17.5797
   -7.5000    7.5000   30.0000 2602.3162   18.0393
    0.0000    7.5000   30.0000 2621.2385   17.9058
    7.5000    7.5000   30.0000 2596.2207   18.1881
   -7.5000   15.0000   30.0000 2528.8672   18.8348
    0.0000   15.0000   30.0000 2550.0725   18.6936
    7.5000   15.0000   30.0000 2523.4800   18.9750
   -7.5000   22.5000   30.0000 2445.5095   19.9035
    0.0000   22.5000   30.0000 2463.2458   19.7484
    7.5000   22.5000   30.0000 2435.3271   20.0659
   -7.5000   30.0000   30.0000 2336.5298   21.2925
    0.0000   30.0000   30.0000 2349.4614   21.1650
    7.5000   30.0000   30.0000 2321.9082   21.4867
   -7.5000   37.5000   30.0000 2220.7944   23.1753
    0.0000   37.5000   30.0000 2235.2998   23.1031
    7.5000   37.5000   30.0000 2211.5317   23.4369
   -7.5000   45.0000   30.0000 2099.9363   25.7134
    0.0000   45.0000   30.0000 2107.8777   25.6664
    7.5000   45.0000   30.0000 2088.0720   26.0251
   -7.5000  -45.0000   37.5000 2446.3450   19.8523
    0.0000  -45.0000   37.5000 2460.6069   19.6786
    7.5000  -45.0000   37.5000 2445.1733   19.9657
   -7.5000  -37.5000   37.5000 2499.1438   19.1628
    0.0000  -37.5000   37.5000 2516.2673   19.0237
    7.5000  -37.5000   37.5000 2495.1221   19.3160
   -7.5000  -30.0000   37.5000 2542.2593   18.5660
    0.0000  -30.0000   37.5000 2561.4290   18.4688
    7.5000  -30.0000   37.5000 2536.2285   18.7418
   -7.5000  -22.5000   37.5000 2588.1221   18.1369
    0.0000  -22.5000   37.5000 2604.6538   17.9956
    7.5000  -22.5000   37.5000 2574.3328   18.2921
   -7.5000  -15.0000   37.5000 2608.4053   17.9983
    0.0000  -15.0000   37.5000 2622.9482   17.8746
    7.5000  -15.0000   37.5000 2592.0581   18.1573
   -7.5000   -7.5000   37.5000 2600.9087   18.1483
    0.0000   -7.5000   37.5000 2616.8457   18.0006
    7.5000   -7.5000   37.5000 2590.6677   18.2683
   -7.5000    0.0000   37.5000 2573.0293   18.5960
    0.0000    0.0000   37.5000 2586.1577   18.4630
    7.5000    0.0000   37.5000 2564.0042   18.7310
   -7.5000    7.5000   37.5000 2526.1602   19.2702
    0.0000    7.5000   37.5000 2542.3459   19.0962
    7.5000    7.5000   37.5000 2518.0913   19.3767
   -7.5000   15.0000   37.5000 2454.6956   20.0791
    0.0000   15.0000   37.5000 2475.3845   19.9104
    7.5000   15.0000   37.5000 2451.0007   20.2236
   -7.5000   22.5000   37.5000 2372.7700   21.1313
    0.0000   22.5000   37.5000 2393.5740   20.9349
    7.5000   22.5000   37.5000 2365.8154   21.2877
   -7.5000   30.0000   37.5000 2275.2603   22.4807
    0.0000   30.0000   37.5000 2288.2849   22.3143
    7.5000   30.0000   37.5000 2258.5916   22.6609
   -7.5000   37.5000   37.5000 2166.6526   24.3402
    0.0000   37.5000   37.5000 2180.4761   24.2387
    7.5000   37.5000   37.5000 2158.5034   24.5444
   -7.5000   45.0000   37.5000 2056.4731   26.9378
    0.0000   45.0000   37.5000 2065.9060   26.8973
    7.5000   45.0000   37.5000 2046.0430   27.1999
   -7.5000  -45.0000   45.0000 2393.6875   21.1013
    0.0000  -45.0000   45.0000 2406.7009   20.9235
    7.5000  -45.0000   45.0000 2390.3911   21.2838
   -7.5000  -37.5000   45.0000 2435.2791   20.5194
    0.0000  -37.5000   45.0000 2452.1477   20.3611
    7.5000  -37.5000   45.0000 2433.1125   20.6799
   -7.5000  -30.0000   45.0000 2469.1499   20.0026
    0.0000  -30.0000   45.0000 2484.5911   19.8625
    7.5000  -30.0000   45.0000 2464.0176   20.1615
   -7.5000  -22.5000   45.0000 2503.6018   19.5858
    0.0000  -22.5000   45.0000 2518.2959   19.4490
    7.5000  -22.5000   45.0000 2490.9170   19.7189
   -7.5000  -15.0000   45.0000 2517.5889   19.4863
    0.0000  -15.0000   45.0000 2530.7102   19.3290
    7.5000  -15.0000   45.0000 2504.8088   19.5631
   -7.5000   -7.5000   45.0000 2511.8992   19.6170
    0.0000   -7.5000   45.0000 2527.4170   19.4485
    7.5000   -7.5000   45.0000 2501.8655   19.6559
   -7.5000    0.0000   45.0000 2488.1401   20.0621
    0.0000    0.0000   45.0000 2500.6709   19.9392
    7.5000    0.0000   45.0000 2476.1272   20.1391
   -7.5000    7.5000   45.0000 2444.4548   20.7615
    0.0000    7.5000   45.0000 2459.4255   20.6181
    7.5000    7.5000   45.0000 2433.8477   20.8228
   -7.5000   15.0000   45.0000 2378.5403   21.5971
    0.0000   15.0000   45.0000 2394.7893   21.4555
    7.5000   15.0000   45.0000 2374.8447   21.6966
   -7.5000   22.5000   45.0000 2302.3538   22.5893
    0.0000   22.5000   45.0000 2316.9316   22.4337
    7.5000   22.5000   45.0000 2295.9539   22.7365
   -7.5000   30.0000   45.0000 2207.2673   23.9206
    0.0000   30.0000   45.0000 2217.4387   23.7665
    7.5000   30.0000   45.0000 2194.7764   24.0812
   -7.5000   37.5000   45.0000 2108.9285   25.8135
    0.0000   37.5000   45.0000 2116.2441   25.6846
    7.5000   37.5000   45.0000 2097.7268   25.9983
   -7.5000   45.0000   45.0000 2001.1018   28.4731
    0.0000   45.0000   45.0000 2008.4556   28.3835
    7.5000   45.0000   45.0000 1989.5156   28.7165

---------------------------------------------------------------------
imgreg_4dfp /usr/local/freesurfer/7.2.0/average/711-2C_as_mni_average_305 /usr/local/freesurfer/7.2.0/average/711-2B_as_mni_average_305_mask talsrcimg_g11 none talsrcimg_to_711-2C_as_mni_average_305_t4 1283
---------------------------------------------------------------------

freesurfer imgreg_4dfp.c
/usr/local/freesurfer/7.2.0/average/711-2C_as_mni_average_305.4dfp.img
       256       256       256         1
  1.000000  1.000000  1.000000
orientation T byte_order littleendian
Reading image: /usr/local/freesurfer/7.2.0/average/711-2C_as_mni_average_305.4dfp.img
dimensions:      256       256       256
mmppix:       1.0000   -1.0000   -1.0000
center:     128.0000 -129.0000 -129.0000
/usr/local/freesurfer/7.2.0/average/711-2B_as_mni_average_305_mask.4dfp.img
       256       256       256         1
  1.000000  1.000000  1.000000
orientation T byte_order littleendian
Reading mask: /usr/local/freesurfer/7.2.0/average/711-2B_as_mni_average_305_mask.4dfp.img (2306576 pixels)
talsrcimg_g11.4dfp.img
       256       256       256         1
  1.000000  1.000000  1.000000
orientation T byte_order littleendian
Reading image: talsrcimg_g11.4dfp.img
dimensions:      256       256       256
mmppix:       1.0000   -1.0000   -1.0000
center:     128.0000 -129.0000 -129.0000
rotation matrix determinant  1.000000
fimgreg.f
image alignment mode   1283 decimal      503 hex
parameters
    0.0000   -7.5000   -7.5000    0.0000    0.0000    0.0000
eta,q 0.92803 13.86590
niter,ni,del,rscale     5    3   12.0000    1.2000
parameter  3 -1.046507 -> -0.500000 qaram    1.1500
parameter  4  7.532496 ->  0.500000 qaram    1.1500
parameters
   -2.2441   -7.9190   -4.0500   -3.4500    2.1748   -0.0594
eta,q 0.93111 13.59711
  0.0766  0.0745  0.0767  0.0660  0.0738  0.0719
  0.0747  0.0749  0.0756  0.0684  0.0721  0.0707
  0.0735  0.0736  0.0737  0.0702  0.0704  0.0696
  0.0751  0.0733  0.0740  0.0737  0.0689  0.0689
  0.0770  0.0721  0.0734  0.0767  0.0689  0.0692
  0.0822  0.0741  0.0736  0.0794  0.0687  0.0704
  0.0872  0.0768  0.0724  0.0821  0.0702  0.0724
niter,ni,del,rscale     6    3   12.0000    1.2000
parameter  2  0.528835 ->  0.500000 qaram    1.1500
parameter  3 -0.573704 -> -0.500000 qaram    1.3225
parameter  4  4.095612 ->  0.500000 qaram    1.3225
parameters
   -1.8480  -11.3690   -0.0825   -7.4175    0.4332   -0.4474
eta,q 0.93962 13.91797
  0.0764  0.0690  0.0747  0.0604  0.0635  0.0644
  0.0719  0.0678  0.0714  0.0607  0.0612  0.0619
  0.0697  0.0674  0.0690  0.0633  0.0602  0.0609
  0.0689  0.0687  0.0676  0.0663  0.0613  0.0603
  0.0686  0.0703  0.0667  0.0694  0.0628  0.0610
  0.0705  0.0709  0.0663  0.0716  0.0657  0.0629
  0.0749  0.0718  0.0670  0.0740  0.0695  0.0655
niter,ni,del,rscale     7    3   12.0000    1.2000
parameter  4  0.984889 ->  0.500000 qaram    1.5209
parameters
   -1.6411   -8.6995   -0.5556  -11.9801    0.8274    0.2068
eta,q 0.94358 13.83836
  0.0740  0.0793  0.0658  0.0571  0.0623  0.0615
  0.0669  0.0733  0.0638  0.0570  0.0597  0.0597
  0.0624  0.0657  0.0607  0.0569  0.0584  0.0583
  0.0604  0.0605  0.0598  0.0597  0.0569  0.0567
  0.0622  0.0596  0.0616  0.0652  0.0568  0.0564
  0.0657  0.0618  0.0637  0.0689  0.0584  0.0578
  0.0722  0.0638  0.0682  0.0716  0.0616  0.0606
niter,ni,del,rscale     7    3   12.0000    1.2000
parameter  4  0.698071 ->  0.500000 qaram    1.7490
parameters
   -1.5606   -6.9351   -2.3223  -17.2272    1.4401   -0.3533
eta,q 0.94811 13.64958
  0.0674  0.0701  0.0603  0.0542  0.0589  0.0554
  0.0615  0.0643  0.0572  0.0519  0.0563  0.0537
  0.0581  0.0593  0.0555  0.0534  0.0540  0.0525
  0.0564  0.0564  0.0562  0.0554  0.0520  0.0519
  0.0579  0.0564  0.0584  0.0598  0.0522  0.0528
  0.0613  0.0585  0.0614  0.0650  0.0541  0.0546
  0.0667  0.0609  0.0666  0.0691  0.0572  0.0571
niter,ni,del,rscale     7    3   12.0000    1.2000
parameters
   -1.7426   -4.1404   -4.5761  -19.9008    1.6336   -0.0655
eta,q 0.95223 13.50632
  0.0632  0.0651  0.0552  0.0567  0.0553  0.0541
  0.0576  0.0598  0.0514  0.0503  0.0521  0.0518
  0.0537  0.0555  0.0499  0.0481  0.0494  0.0500
  0.0519  0.0519  0.0499  0.0497  0.0480  0.0479
  0.0537  0.0500  0.0542  0.0541  0.0489  0.0478
  0.0586  0.0510  0.0597  0.0607  0.0513  0.0503
  0.0647  0.0538  0.0672  0.0669  0.0546  0.0541
niter,ni,del,rscale     6    3   12.0000    1.2000
parameters
   -1.9754   -3.8519   -5.3054  -20.3642    1.7471    0.0817
eta,q 0.95236 13.49000
  0.0609  0.0584  0.0570  0.0605  0.0547  0.0541
  0.0538  0.0545  0.0529  0.0543  0.0518  0.0519
  0.0489  0.0504  0.0500  0.0491  0.0491  0.0498
  0.0478  0.0477  0.0474  0.0478  0.0477  0.0477
  0.0506  0.0478  0.0491  0.0513  0.0485  0.0479
  0.0558  0.0527  0.0549  0.0556  0.0511  0.0507
  0.0622  0.0578  0.0628  0.0625  0.0546  0.0546
niter,ni,del,rscale     5    3   12.0000    1.2000
parameters
   -2.0208   -3.7086   -5.4460  -20.5266    1.7940    0.1391
eta,q 0.95238 13.49104
  0.0617  0.0580  0.0585  0.0608  0.0544  0.0541
  0.0542  0.0538  0.0536  0.0552  0.0517  0.0518
  0.0490  0.0501  0.0508  0.0493  0.0489  0.0497
  0.0476  0.0476  0.0476  0.0477  0.0477  0.0477
  0.0502  0.0484  0.0482  0.0506  0.0485  0.0480
  0.0552  0.0531  0.0532  0.0554  0.0510  0.0509
  0.0613  0.0577  0.0610  0.0616  0.0547  0.0548
niter,ni,del,rscale     4    3   12.0000    1.2000
parameters
   -2.0304   -3.6584   -5.4827  -20.5804    1.8082    0.1602
eta,q 0.95238 13.49173
  0.0619  0.0578  0.0589  0.0610  0.0543  0.0541
  0.0544  0.0535  0.0537  0.0556  0.0517  0.0517
  0.0491  0.0499  0.0509  0.0495  0.0489  0.0496
  0.0476  0.0476  0.0476  0.0476  0.0476  0.0476
  0.0501  0.0487  0.0480  0.0504  0.0485  0.0481
  0.0552  0.0534  0.0529  0.0553  0.0511  0.0511
  0.0611  0.0579  0.0607  0.0613  0.0547  0.0549
registration optimization eta report
parameter search radius
    6.0000    6.9000    7.9350   10.4940    6.0000    6.0000
100000*second partial in parameter space
       38.       21.       19.       12.       19.       18.
  0.0619  0.0578  0.0589  0.0610  0.0543  0.0541
  0.0544  0.0535  0.0537  0.0556  0.0517  0.0517
  0.0491  0.0499  0.0509  0.0495  0.0489  0.0496
  0.0476  0.0476  0.0476  0.0476  0.0476  0.0476
  0.0501  0.0487  0.0480  0.0504  0.0485  0.0481
  0.0552  0.0534  0.0529  0.0553  0.0511  0.0511
  0.0611  0.0579  0.0607  0.0613  0.0547  0.0549
   -2.0304   -3.6584   -5.4827  -20.5804    1.8082    0.1602
eta,q 0.95238 13.49173

---------------------------------------------------------------------
imgreg_4dfp /usr/local/freesurfer/7.2.0/average/711-2C_as_mni_average_305 /usr/local/freesurfer/7.2.0/average/711-2B_as_mni_average_305_mask talsrcimg_g11 none talsrcimg_to_711-2C_as_mni_average_305_t4 3335
---------------------------------------------------------------------

freesurfer imgreg_4dfp.c
/usr/local/freesurfer/7.2.0/average/711-2C_as_mni_average_305.4dfp.img
       256       256       256         1
  1.000000  1.000000  1.000000
orientation T byte_order littleendian
Reading image: /usr/local/freesurfer/7.2.0/average/711-2C_as_mni_average_305.4dfp.img
dimensions:      256       256       256
mmppix:       1.0000   -1.0000   -1.0000
center:     128.0000 -129.0000 -129.0000
/usr/local/freesurfer/7.2.0/average/711-2B_as_mni_average_305_mask.4dfp.img
       256       256       256         1
  1.000000  1.000000  1.000000
orientation T byte_order littleendian
Reading mask: /usr/local/freesurfer/7.2.0/average/711-2B_as_mni_average_305_mask.4dfp.img (2306576 pixels)
talsrcimg_g11.4dfp.img
       256       256       256         1
  1.000000  1.000000  1.000000
orientation T byte_order littleendian
Reading image: talsrcimg_g11.4dfp.img
dimensions:      256       256       256
mmppix:       1.0000   -1.0000   -1.0000
center:     128.0000 -129.0000 -129.0000
fimgreg.f
image alignment mode   3335 decimal      D07 hex
parameters
   -2.0304   -3.6584   -5.4827   -0.0502   -6.3793   -6.4286
    0.8474   -3.0522    0.2795   35.1437    3.1553  -35.1346
eta,q 0.95101 13.59680
niter,ni,del,rscale     5    3    5.0000    1.2000
parameter  4  1.009755 ->  0.500000 qaram    1.1500
parameter  5  2.124896 ->  0.500000 qaram    1.1500
parameter  6  2.816420 ->  0.500000 qaram    1.1500
parameter 12 -0.957339 -> -0.500000 qaram    1.1500
parameters
   -1.9720   -2.7902   -5.1560   -4.1902  -10.5193  -10.5686
   -0.2431   -0.4882    0.4518   31.6399    1.8598  -30.9946
eta,q 0.96169 13.15402
  0.0513  0.0509  0.0501  0.0465  0.0443  0.0385  0.0417  0.0460  0.0414  0.0401  0.0402  0.0433
  0.0501  0.0500  0.0495  0.0469  0.0451  0.0400  0.0410  0.0436  0.0407  0.0396  0.0397  0.0420
  0.0493  0.0494  0.0490  0.0476  0.0460  0.0423  0.0405  0.0418  0.0402  0.0395  0.0395  0.0406
  0.0490  0.0490  0.0488  0.0488  0.0470  0.0453  0.0405  0.0405  0.0400  0.0400  0.0395  0.0394
  0.0492  0.0488  0.0489  0.0505  0.0482  0.0484  0.0409  0.0400  0.0401  0.0411  0.0397  0.0386
  0.0499  0.0489  0.0491  0.0528  0.0497  0.0515  0.0416  0.0403  0.0406  0.0426  0.0402  0.0383
  0.0512  0.0493  0.0496  0.0556  0.0515  0.0550  0.0427  0.0415  0.0413  0.0445  0.0410  0.0383
niter,ni,del,rscale     7    3    5.0000    1.2000
parameter  2  0.738023 ->  0.500000 qaram    1.1500
parameter  4  0.662582 ->  0.500000 qaram    1.3225
parameter  5-18.088377 ->  0.500000 qaram    1.3225
parameter  6  0.714931 ->  0.500000 qaram    1.3225
parameter 12 -0.781714 -> -0.500000 qaram    1.3225
parameters
   -1.9485   -4.1702   -4.3516   -8.9512  -15.2803  -15.3296
    0.5332   -0.6830    0.5841   31.8504    1.5144  -26.2336
eta,q 0.96941 12.82424
  0.0409  0.0377  0.0406  0.0366  0.0314  0.0319  0.0340  0.0356  0.0330  0.0340  0.0324  0.0360
  0.0395  0.0376  0.0393  0.0365  0.0332  0.0317  0.0328  0.0334  0.0323  0.0328  0.0319  0.0344
  0.0386  0.0378  0.0383  0.0367  0.0350  0.0320  0.0321  0.0320  0.0318  0.0320  0.0317  0.0329
  0.0383  0.0383  0.0376  0.0374  0.0365  0.0337  0.0317  0.0317  0.0317  0.0317  0.0317  0.0317
  0.0386  0.0391  0.0374  0.0385  0.0380  0.0368  0.0317  0.0323  0.0318  0.0318  0.0318  0.0308
  0.0394  0.0402  0.0376  0.0402  0.0396  0.0407  0.0322  0.0337  0.0322  0.0325  0.0321  0.0306
  0.0408  0.0415  0.0383  0.0425  0.0414  0.0451  0.0332  0.0360  0.0329  0.0338  0.0325  0.0308
niter,ni,del,rscale     7    3    5.0000    1.2000
parameter  2  0.933010 ->  0.500000 qaram    1.3225
parameter  5  3.875519 ->  0.500000 qaram    1.5209
parameters
   -1.6755   -5.7572   -4.6957  -10.1979  -20.7555  -16.6833
    0.9207   -0.7100    0.5382   29.8905    2.0033  -26.5530
eta,q 0.97504 12.62697
  0.0340  0.0290  0.0302  0.0311  0.0231  0.0285  0.0285  0.0292  0.0273  0.0265  0.0257  0.0277
  0.0322  0.0289  0.0294  0.0297  0.0245  0.0267  0.0268  0.0270  0.0262  0.0254  0.0253  0.0259
  0.0311  0.0295  0.0290  0.0290  0.0265  0.0256  0.0257  0.0256  0.0254  0.0250  0.0251  0.0251
  0.0306  0.0305  0.0290  0.0290  0.0289  0.0250  0.0252  0.0252  0.0252  0.0252  0.0250  0.0250
  0.0307  0.0321  0.0294  0.0296  0.0316  0.0255  0.0254  0.0257  0.0254  0.0260  0.0250  0.0255
  0.0314  0.0339  0.0301  0.0307  0.0341  0.0282  0.0263  0.0271  0.0262  0.0275  0.0252  0.0265
  0.0327  0.0359  0.0312  0.0325  0.0365  0.0325  0.0279  0.0293  0.0273  0.0295  0.0255  0.0277
niter,ni,del,rscale     7    3    5.0000    1.2000
parameters
   -1.5943   -6.6439   -5.2398   -9.6474  -25.9674  -16.0753
    0.9182   -0.6181    0.6178   29.4301    3.2137  -29.8960
eta,q 0.97792 12.58315
  0.0284  0.0268  0.0253  0.0285  0.0251  0.0277  0.0261  0.0268  0.0255  0.0251  0.0234  0.0234
  0.0266  0.0252  0.0247  0.0264  0.0232  0.0253  0.0242  0.0245  0.0240  0.0237  0.0230  0.0223
  0.0254  0.0245  0.0245  0.0250  0.0228  0.0237  0.0230  0.0231  0.0230  0.0228  0.0227  0.0221
  0.0250  0.0250  0.0245  0.0245  0.0245  0.0228  0.0226  0.0226  0.0226  0.0226  0.0226  0.0226
  0.0253  0.0263  0.0249  0.0248  0.0271  0.0225  0.0230  0.0231  0.0229  0.0231  0.0226  0.0235
  0.0263  0.0283  0.0256  0.0259  0.0301  0.0240  0.0242  0.0244  0.0239  0.0242  0.0227  0.0247
  0.0279  0.0309  0.0266  0.0276  0.0334  0.0271  0.0261  0.0265  0.0253  0.0259  0.0230  0.0261
niter,ni,del,rscale     6    3    5.0000    1.2000
parameters
   -1.5907   -6.2702   -5.5858   -8.2758  -27.0732  -16.1918
    0.8924   -0.6263    0.7821   30.4590    3.7414  -30.4025
eta,q 0.97835 12.63945
  0.0255  0.0286  0.0231  0.0271  0.0275  0.0269  0.0255  0.0261  0.0250  0.0259  0.0226  0.0245
  0.0236  0.0255  0.0224  0.0247  0.0246  0.0245  0.0235  0.0237  0.0233  0.0239  0.0221  0.0227
  0.0225  0.0232  0.0220  0.0229  0.0224  0.0227  0.0222  0.0222  0.0222  0.0225  0.0218  0.0217
  0.0221  0.0221  0.0220  0.0220  0.0218  0.0217  0.0218  0.0218  0.0218  0.0218  0.0217  0.0217
  0.0225  0.0223  0.0224  0.0220  0.0237  0.0219  0.0222  0.0223  0.0221  0.0218  0.0217  0.0223
  0.0236  0.0237  0.0230  0.0230  0.0267  0.0242  0.0235  0.0238  0.0231  0.0226  0.0220  0.0234
  0.0254  0.0262  0.0240  0.0249  0.0298  0.0278  0.0255  0.0261  0.0247  0.0241  0.0224  0.0247
niter,ni,del,rscale     5    3    5.0000    1.2000
parameters
   -1.5845   -6.1642   -5.7658   -7.7293  -27.4262  -16.2713
    0.8848   -0.6630    0.8217   30.7212    3.9677  -30.6484
eta,q 0.97840 12.65888
  0.0251  0.0275  0.0230  0.0262  0.0282  0.0270  0.0254  0.0260  0.0248  0.0252  0.0225  0.0246
  0.0232  0.0245  0.0222  0.0239  0.0252  0.0245  0.0234  0.0236  0.0231  0.0233  0.0220  0.0227
  0.0220  0.0225  0.0217  0.0223  0.0227  0.0227  0.0221  0.0221  0.0220  0.0221  0.0217  0.0217
  0.0217  0.0217  0.0216  0.0216  0.0216  0.0216  0.0216  0.0216  0.0216  0.0216  0.0216  0.0216
  0.0221  0.0222  0.0219  0.0219  0.0230  0.0218  0.0221  0.0222  0.0220  0.0219  0.0217  0.0222
  0.0232  0.0240  0.0225  0.0232  0.0259  0.0241  0.0234  0.0237  0.0231  0.0230  0.0219  0.0233
  0.0251  0.0268  0.0235  0.0253  0.0290  0.0278  0.0254  0.0260  0.0247  0.0246  0.0224  0.0245
niter,ni,del,rscale     4    3    5.0000    1.2000
parameters
   -1.5843   -6.1433   -5.8350   -7.5765  -27.5580  -16.3145
    0.8862   -0.6796    0.8335   30.8148    4.0184  -30.7536
eta,q 0.97840 12.66358
  0.0251  0.0272  0.0231  0.0258  0.0285  0.0270  0.0254  0.0260  0.0248  0.0250  0.0225  0.0247
  0.0232  0.0242  0.0222  0.0237  0.0254  0.0245  0.0234  0.0236  0.0231  0.0231  0.0220  0.0228
  0.0220  0.0223  0.0217  0.0222  0.0228  0.0227  0.0220  0.0221  0.0220  0.0220  0.0217  0.0217
  0.0216  0.0216  0.0216  0.0216  0.0216  0.0216  0.0216  0.0216  0.0216  0.0216  0.0216  0.0216
  0.0220  0.0222  0.0218  0.0220  0.0228  0.0218  0.0221  0.0222  0.0220  0.0220  0.0217  0.0222
  0.0232  0.0241  0.0224  0.0234  0.0257  0.0241  0.0234  0.0237  0.0231  0.0231  0.0219  0.0232
  0.0251  0.0271  0.0233  0.0257  0.0288  0.0278  0.0253  0.0260  0.0248  0.0248  0.0224  0.0245
niter,ni,del,rscale     3    3    5.0000    1.2000
parameters
   -1.5866   -6.1328   -5.8614   -7.5208  -27.6063  -16.3379
    0.8871   -0.6845    0.8359   30.8574    4.0408  -30.7962
eta,q 0.97840 12.66527
  0.0251  0.0271  0.0232  0.0258  0.0286  0.0271  0.0254  0.0261  0.0248  0.0250  0.0224  0.0248
  0.0232  0.0242  0.0223  0.0236  0.0255  0.0245  0.0234  0.0236  0.0231  0.0231  0.0220  0.0228
  0.0220  0.0223  0.0217  0.0222  0.0229  0.0227  0.0220  0.0221  0.0220  0.0220  0.0217  0.0218
  0.0216  0.0216  0.0216  0.0216  0.0216  0.0216  0.0216  0.0216  0.0216  0.0216  0.0216  0.0216
  0.0220  0.0222  0.0218  0.0221  0.0228  0.0218  0.0221  0.0221  0.0220  0.0220  0.0217  0.0222
  0.0232  0.0242  0.0224  0.0235  0.0256  0.0241  0.0234  0.0237  0.0231  0.0231  0.0220  0.0232
  0.0251  0.0271  0.0232  0.0258  0.0287  0.0278  0.0253  0.0260  0.0248  0.0248  0.0225  0.0245
niter,ni,del,rscale     2    3    5.0000    1.2000
parameters
   -1.5870   -6.1277   -5.8767   -7.5027  -27.6264  -16.3519
    0.8870   -0.6878    0.8381   30.8732    4.0449  -30.8165
eta,q 0.97841 12.66551
  0.0251  0.0271  0.0232  0.0257  0.0286  0.0271  0.0254  0.0261  0.0248  0.0249  0.0224  0.0248
  0.0232  0.0242  0.0223  0.0236  0.0255  0.0246  0.0234  0.0236  0.0231  0.0231  0.0220  0.0228
  0.0220  0.0223  0.0218  0.0222  0.0229  0.0227  0.0220  0.0221  0.0220  0.0220  0.0217  0.0218
  0.0216  0.0216  0.0216  0.0216  0.0216  0.0216  0.0216  0.0216  0.0216  0.0216  0.0216  0.0216
  0.0220  0.0222  0.0218  0.0221  0.0227  0.0218  0.0221  0.0221  0.0220  0.0220  0.0217  0.0222
  0.0232  0.0242  0.0224  0.0235  0.0256  0.0241  0.0234  0.0237  0.0231  0.0231  0.0220  0.0232
  0.0251  0.0271  0.0232  0.0258  0.0287  0.0278  0.0254  0.0260  0.0248  0.0248  0.0225  0.0245
registration optimization eta report
parameter search radius
    2.4000    3.1740    2.4000    9.5220   10.9503    9.5220
    7.2000    7.2000    7.2000    7.2000    7.2000    9.5220
100000*second partial in parameter space
       60.       55.       28.        5.        6.        6.
        7.        9.        6.        6.        2.        3.
  0.0251  0.0271  0.0232  0.0257  0.0286  0.0271  0.0254  0.0261  0.0248  0.0249  0.0224  0.0248
  0.0232  0.0242  0.0223  0.0236  0.0255  0.0246  0.0234  0.0236  0.0231  0.0231  0.0220  0.0228
  0.0220  0.0223  0.0218  0.0222  0.0229  0.0227  0.0220  0.0221  0.0220  0.0220  0.0217  0.0218
  0.0216  0.0216  0.0216  0.0216  0.0216  0.0216  0.0216  0.0216  0.0216  0.0216  0.0216  0.0216
  0.0220  0.0222  0.0218  0.0221  0.0227  0.0218  0.0221  0.0221  0.0220  0.0220  0.0217  0.0222
  0.0232  0.0242  0.0224  0.0235  0.0256  0.0241  0.0234  0.0237  0.0231  0.0231  0.0220  0.0232
  0.0251  0.0271  0.0232  0.0258  0.0287  0.0278  0.0254  0.0260  0.0248  0.0248  0.0225  0.0245
   -1.5870   -6.1277   -5.8767   -7.5027  -27.6264  -16.3519
    0.8870   -0.6878    0.8381   30.8732    4.0449  -30.8165
eta,q 0.97841 12.66551

---------------------------------------------------------------------
imgreg_4dfp /usr/local/freesurfer/7.2.0/average/711-2C_as_mni_average_305 /usr/local/freesurfer/7.2.0/average/711-2B_as_mni_average_305_mask talsrcimg_g11 none talsrcimg_to_711-2C_as_mni_average_305_t4 2311
---------------------------------------------------------------------

freesurfer imgreg_4dfp.c
/usr/local/freesurfer/7.2.0/average/711-2C_as_mni_average_305.4dfp.img
       256       256       256         1
  1.000000  1.000000  1.000000
orientation T byte_order littleendian
Reading image: /usr/local/freesurfer/7.2.0/average/711-2C_as_mni_average_305.4dfp.img
dimensions:      256       256       256
mmppix:       1.0000   -1.0000   -1.0000
center:     128.0000 -129.0000 -129.0000
/usr/local/freesurfer/7.2.0/average/711-2B_as_mni_average_305_mask.4dfp.img
       256       256       256         1
  1.000000  1.000000  1.000000
orientation T byte_order littleendian
Reading mask: /usr/local/freesurfer/7.2.0/average/711-2B_as_mni_average_305_mask.4dfp.img (2306576 pixels)
talsrcimg_g11.4dfp.img
       256       256       256         1
  1.000000  1.000000  1.000000
orientation T byte_order littleendian
Reading image: talsrcimg_g11.4dfp.img
dimensions:      256       256       256
mmppix:       1.0000   -1.0000   -1.0000
center:     128.0000 -129.0000 -129.0000
fimgreg.f
image alignment mode   2311 decimal      907 hex
parameters
   -1.5870   -6.1277   -5.8767   -7.5027  -27.6264  -16.3519
    0.8870   -0.6878    0.8381   30.8732    4.0449  -30.8165
eta,q 0.97841 12.66550
niter,ni,del,rscale     5    3    5.0000    0.8000
parameters
   -1.5949   -6.1138   -5.9146   -7.4037  -27.5637  -15.6020
    0.8567   -0.6662    0.8898   30.9535    4.1835  -31.4168
eta,q 0.97856 12.69924
  0.0232  0.0231  0.0223  0.0228  0.0236  0.0235  0.0233  0.0237  0.0230  0.0231  0.0219  0.0222
  0.0223  0.0223  0.0219  0.0222  0.0226  0.0227  0.0223  0.0224  0.0222  0.0222  0.0217  0.0217
  0.0218  0.0218  0.0217  0.0218  0.0219  0.0221  0.0217  0.0217  0.0217  0.0217  0.0215  0.0215
  0.0216  0.0216  0.0216  0.0216  0.0216  0.0216  0.0215  0.0215  0.0215  0.0215  0.0215  0.0215
  0.0218  0.0218  0.0217  0.0217  0.0218  0.0214  0.0217  0.0217  0.0216  0.0216  0.0215  0.0217
  0.0223  0.0223  0.0220  0.0221  0.0225  0.0218  0.0223  0.0224  0.0222  0.0222  0.0216  0.0220
  0.0232  0.0231  0.0224  0.0227  0.0236  0.0228  0.0233  0.0236  0.0230  0.0230  0.0219  0.0225
niter,ni,del,rscale     4    3    5.0000    0.7000
parameters
   -1.5971   -6.1858   -5.7473   -7.4908  -27.6338  -15.3044
    0.8118   -0.6542    0.9412   31.0284    4.1099  -31.5055
eta,q 0.97861 12.70987
  0.0227  0.0225  0.0222  0.0223  0.0230  0.0229  0.0228  0.0231  0.0226  0.0227  0.0217  0.0221
  0.0220  0.0219  0.0218  0.0218  0.0222  0.0223  0.0220  0.0222  0.0220  0.0220  0.0215  0.0217
  0.0216  0.0215  0.0216  0.0215  0.0216  0.0218  0.0215  0.0216  0.0215  0.0215  0.0214  0.0214
  0.0214  0.0214  0.0214  0.0214  0.0214  0.0214  0.0214  0.0214  0.0214  0.0214  0.0214  0.0214
  0.0216  0.0216  0.0215  0.0215  0.0216  0.0214  0.0216  0.0216  0.0215  0.0215  0.0214  0.0215
  0.0220  0.0221  0.0216  0.0219  0.0222  0.0218  0.0221  0.0221  0.0219  0.0219  0.0216  0.0218
  0.0227  0.0228  0.0219  0.0224  0.0231  0.0227  0.0228  0.0231  0.0226  0.0226  0.0218  0.0221
niter,ni,del,rscale     3    3    5.0000    0.6000
parameters
   -1.5998   -6.1625   -5.6730   -7.4957  -27.6745  -15.1055
    0.7759   -0.6342    0.9601   31.0430    4.1088  -31.5122
eta,q 0.97863 12.71449
  0.0223  0.0223  0.0219  0.0221  0.0226  0.0225  0.0224  0.0226  0.0223  0.0223  0.0216  0.0219
  0.0218  0.0218  0.0216  0.0217  0.0220  0.0220  0.0218  0.0219  0.0218  0.0218  0.0215  0.0216
  0.0215  0.0215  0.0215  0.0215  0.0215  0.0216  0.0215  0.0215  0.0215  0.0215  0.0214  0.0214
  0.0214  0.0214  0.0214  0.0214  0.0214  0.0214  0.0214  0.0214  0.0214  0.0214  0.0214  0.0214
  0.0215  0.0215  0.0214  0.0215  0.0215  0.0214  0.0215  0.0215  0.0215  0.0215  0.0214  0.0214
  0.0218  0.0218  0.0216  0.0217  0.0220  0.0218  0.0219  0.0219  0.0218  0.0218  0.0215  0.0216
  0.0223  0.0222  0.0218  0.0221  0.0227  0.0224  0.0224  0.0226  0.0223  0.0223  0.0216  0.0219
niter,ni,del,rscale     2    3    5.0000    0.5000
parameters
   -1.5965   -6.1517   -5.6180   -7.4894  -27.6881  -14.9440
    0.7524   -0.6208    0.9753   31.0258    4.1125  -31.5152
eta,q 0.97863 12.71840
  0.0220  0.0220  0.0217  0.0219  0.0222  0.0222  0.0221  0.0222  0.0220  0.0220  0.0215  0.0217
  0.0217  0.0217  0.0215  0.0216  0.0218  0.0218  0.0217  0.0218  0.0217  0.0216  0.0214  0.0215
  0.0214  0.0214  0.0214  0.0214  0.0215  0.0215  0.0214  0.0215  0.0214  0.0214  0.0214  0.0214
  0.0214  0.0214  0.0214  0.0214  0.0214  0.0214  0.0214  0.0214  0.0214  0.0214  0.0214  0.0214
  0.0214  0.0214  0.0214  0.0214  0.0215  0.0214  0.0215  0.0214  0.0214  0.0214  0.0214  0.0214
  0.0217  0.0216  0.0215  0.0216  0.0218  0.0216  0.0217  0.0217  0.0216  0.0217  0.0214  0.0215
  0.0220  0.0220  0.0217  0.0219  0.0223  0.0221  0.0221  0.0222  0.0220  0.0220  0.0215  0.0217
niter,ni,del,rscale     1    3    5.0000    0.4000
parameters
   -1.5958   -6.1501   -5.5627   -7.4824  -27.6850  -14.7908
    0.7484   -0.6022    0.9821   31.0209    4.0862  -31.4989
eta,q 0.97864 12.72333
  0.0218  0.0218  0.0216  0.0217  0.0219  0.0219  0.0218  0.0219  0.0218  0.0218  0.0215  0.0216
  0.0215  0.0215  0.0215  0.0215  0.0216  0.0217  0.0216  0.0216  0.0215  0.0215  0.0214  0.0215
  0.0214  0.0214  0.0214  0.0214  0.0214  0.0215  0.0214  0.0214  0.0214  0.0214  0.0214  0.0214
  0.0214  0.0214  0.0214  0.0214  0.0214  0.0214  0.0214  0.0214  0.0214  0.0214  0.0214  0.0214
  0.0214  0.0214  0.0214  0.0214  0.0214  0.0214  0.0214  0.0214  0.0214  0.0214  0.0214  0.0214
  0.0215  0.0215  0.0214  0.0215  0.0216  0.0215  0.0216  0.0216  0.0215  0.0215  0.0214  0.0215
  0.0218  0.0218  0.0215  0.0217  0.0219  0.0219  0.0218  0.0219  0.0218  0.0218  0.0215  0.0216
registration optimization eta report
parameter search radius
    0.8000    0.8000    0.8000    2.4000    2.4000    2.4000
    2.4000    2.4000    2.4000    2.4000    2.4000    2.4000
100000*second partial in parameter space
       64.       62.       33.        5.       10.        9.
        8.       10.        7.        7.        2.        4.
  0.0218  0.0218  0.0216  0.0217  0.0219  0.0219  0.0218  0.0219  0.0218  0.0218  0.0215  0.0216
  0.0215  0.0215  0.0215  0.0215  0.0216  0.0217  0.0216  0.0216  0.0215  0.0215  0.0214  0.0215
  0.0214  0.0214  0.0214  0.0214  0.0214  0.0215  0.0214  0.0214  0.0214  0.0214  0.0214  0.0214
  0.0214  0.0214  0.0214  0.0214  0.0214  0.0214  0.0214  0.0214  0.0214  0.0214  0.0214  0.0214
  0.0214  0.0214  0.0214  0.0214  0.0214  0.0214  0.0214  0.0214  0.0214  0.0214  0.0214  0.0214
  0.0215  0.0215  0.0214  0.0215  0.0216  0.0215  0.0216  0.0216  0.0215  0.0215  0.0214  0.0215
  0.0218  0.0218  0.0215  0.0217  0.0219  0.0219  0.0218  0.0219  0.0218  0.0218  0.0215  0.0216
   -1.5958   -6.1501   -5.5627   -7.4824  -27.6850  -14.7908
    0.7484   -0.6022    0.9821   31.0209    4.0862  -31.4989
eta,q 0.97864 12.72333

---------------------------------------------------------------------
imgreg_4dfp /usr/local/freesurfer/7.2.0/average/711-2C_as_mni_average_305 /usr/local/freesurfer/7.2.0/average/711-2B_as_mni_average_305_mask talsrcimg_g11 none talsrcimg_to_711-2C_as_mni_average_305_t4 2311
---------------------------------------------------------------------

freesurfer imgreg_4dfp.c
/usr/local/freesurfer/7.2.0/average/711-2C_as_mni_average_305.4dfp.img
       256       256       256         1
  1.000000  1.000000  1.000000
orientation T byte_order littleendian
Reading image: /usr/local/freesurfer/7.2.0/average/711-2C_as_mni_average_305.4dfp.img
dimensions:      256       256       256
mmppix:       1.0000   -1.0000   -1.0000
center:     128.0000 -129.0000 -129.0000
/usr/local/freesurfer/7.2.0/average/711-2B_as_mni_average_305_mask.4dfp.img
       256       256       256         1
  1.000000  1.000000  1.000000
orientation T byte_order littleendian
Reading mask: /usr/local/freesurfer/7.2.0/average/711-2B_as_mni_average_305_mask.4dfp.img (2306576 pixels)
talsrcimg_g11.4dfp.img
       256       256       256         1
  1.000000  1.000000  1.000000
orientation T byte_order littleendian
Reading image: talsrcimg_g11.4dfp.img
dimensions:      256       256       256
mmppix:       1.0000   -1.0000   -1.0000
center:     128.0000 -129.0000 -129.0000
fimgreg.f
image alignment mode   2311 decimal      907 hex
parameters
   -1.5958   -6.1501   -5.5627   -7.4824  -27.6850  -14.7908
    0.7484   -0.6022    0.9821   31.0209    4.0862  -31.4989
eta,q 0.97864 12.72332
niter,ni,del,rscale     5    3    5.0000    0.8000
parameters
   -1.5861   -6.1560   -5.5037   -7.5472  -27.7770  -15.0829
    0.7516   -0.6323    0.9585   30.9957    3.9740  -31.3978
eta,q 0.97862 12.71029
  0.0230  0.0229  0.0223  0.0225  0.0233  0.0230  0.0232  0.0235  0.0229  0.0230  0.0218  0.0224
  0.0221  0.0221  0.0218  0.0219  0.0223  0.0222  0.0222  0.0223  0.0221  0.0221  0.0216  0.0218
  0.0215  0.0215  0.0215  0.0215  0.0216  0.0217  0.0216  0.0216  0.0216  0.0215  0.0214  0.0215
  0.0214  0.0214  0.0214  0.0214  0.0214  0.0214  0.0214  0.0214  0.0214  0.0214  0.0214  0.0214
  0.0215  0.0215  0.0214  0.0215  0.0216  0.0216  0.0216  0.0216  0.0216  0.0216  0.0214  0.0215
  0.0221  0.0221  0.0217  0.0219  0.0224  0.0224  0.0222  0.0224  0.0221  0.0221  0.0216  0.0218
  0.0230  0.0229  0.0221  0.0226  0.0236  0.0236  0.0232  0.0236  0.0229  0.0230  0.0219  0.0222
niter,ni,del,rscale     4    3    5.0000    0.7000
parameters
   -1.5885   -6.1161   -5.5945   -7.4919  -27.7554  -15.1140
    0.7569   -0.6240    0.9475   31.0031    4.0443  -31.4476
eta,q 0.97863 12.71008
  0.0226  0.0226  0.0219  0.0223  0.0230  0.0227  0.0228  0.0231  0.0226  0.0226  0.0217  0.0221
  0.0219  0.0220  0.0216  0.0218  0.0222  0.0221  0.0220  0.0221  0.0219  0.0219  0.0215  0.0217
  0.0215  0.0215  0.0214  0.0215  0.0216  0.0217  0.0215  0.0216  0.0215  0.0215  0.0214  0.0214
  0.0214  0.0214  0.0214  0.0214  0.0214  0.0214  0.0214  0.0214  0.0214  0.0214  0.0214  0.0214
  0.0215  0.0215  0.0215  0.0215  0.0215  0.0215  0.0215  0.0216  0.0215  0.0215  0.0214  0.0215
  0.0219  0.0219  0.0217  0.0218  0.0221  0.0220  0.0220  0.0221  0.0219  0.0219  0.0215  0.0217
  0.0226  0.0225  0.0221  0.0223  0.0230  0.0230  0.0228  0.0231  0.0226  0.0226  0.0217  0.0221
niter,ni,del,rscale     3    3    5.0000    0.6000
parameters
   -1.5896   -6.1291   -5.6117   -7.4697  -27.7290  -15.0333
    0.7590   -0.6237    0.9592   31.0178    4.1056  -31.4765
eta,q 0.97863 12.71477
  0.0223  0.0222  0.0218  0.0221  0.0226  0.0225  0.0224  0.0226  0.0223  0.0223  0.0216  0.0219
  0.0218  0.0218  0.0216  0.0217  0.0220  0.0220  0.0218  0.0219  0.0218  0.0218  0.0215  0.0216
  0.0215  0.0215  0.0214  0.0215  0.0216  0.0216  0.0215  0.0215  0.0215  0.0215  0.0214  0.0214
  0.0214  0.0214  0.0214  0.0214  0.0214  0.0214  0.0214  0.0214  0.0214  0.0214  0.0214  0.0214
  0.0215  0.0215  0.0214  0.0214  0.0215  0.0214  0.0215  0.0215  0.0215  0.0215  0.0214  0.0214
  0.0218  0.0218  0.0216  0.0217  0.0219  0.0218  0.0218  0.0219  0.0218  0.0218  0.0215  0.0216
  0.0223  0.0223  0.0219  0.0221  0.0226  0.0225  0.0224  0.0226  0.0223  0.0223  0.0216  0.0219
niter,ni,del,rscale     2    3    5.0000    0.5000
parameters
   -1.5908   -6.1418   -5.5896   -7.4710  -27.7057  -14.9052
    0.7541   -0.6146    0.9648   31.0208    4.0992  -31.4842
eta,q 0.97864 12.71962
  0.0220  0.0220  0.0217  0.0218  0.0223  0.0222  0.0221  0.0222  0.0220  0.0220  0.0215  0.0217
  0.0216  0.0216  0.0215  0.0216  0.0218  0.0218  0.0217  0.0218  0.0216  0.0216  0.0214  0.0215
  0.0214  0.0214  0.0214  0.0214  0.0215  0.0215  0.0214  0.0215  0.0214  0.0214  0.0214  0.0214
  0.0214  0.0214  0.0214  0.0214  0.0214  0.0214  0.0214  0.0214  0.0214  0.0214  0.0214  0.0214
  0.0214  0.0214  0.0214  0.0214  0.0215  0.0214  0.0214  0.0214  0.0214  0.0214  0.0214  0.0214
  0.0217  0.0217  0.0215  0.0216  0.0218  0.0217  0.0217  0.0217  0.0216  0.0217  0.0214  0.0215
  0.0220  0.0220  0.0217  0.0218  0.0223  0.0222  0.0221  0.0222  0.0220  0.0220  0.0216  0.0217
niter,ni,del,rscale     1    3    5.0000    0.4000
parameters
   -1.5928   -6.1433   -5.5502   -7.4855  -27.6880  -14.7788
    0.7426   -0.5979    0.9823   31.0113    4.0671  -31.4876
eta,q 0.97865 12.72300
  0.0218  0.0218  0.0216  0.0217  0.0219  0.0219  0.0218  0.0219  0.0218  0.0218  0.0215  0.0216
  0.0215  0.0215  0.0215  0.0215  0.0216  0.0217  0.0216  0.0216  0.0215  0.0215  0.0214  0.0215
  0.0214  0.0214  0.0214  0.0214  0.0214  0.0215  0.0214  0.0214  0.0214  0.0214  0.0214  0.0214
  0.0214  0.0214  0.0214  0.0214  0.0214  0.0214  0.0214  0.0214  0.0214  0.0214  0.0214  0.0214
  0.0214  0.0214  0.0214  0.0214  0.0214  0.0214  0.0214  0.0214  0.0214  0.0214  0.0214  0.0214
  0.0215  0.0215  0.0214  0.0215  0.0216  0.0215  0.0216  0.0216  0.0215  0.0215  0.0214  0.0215
  0.0218  0.0218  0.0216  0.0217  0.0219  0.0219  0.0218  0.0219  0.0218  0.0218  0.0215  0.0216
registration optimization eta report
parameter search radius
    0.8000    0.8000    0.8000    2.4000    2.4000    2.4000
    2.4000    2.4000    2.4000    2.4000    2.4000    2.4000
100000*second partial in parameter space
       64.       62.       34.        5.       10.        9.
        8.       10.        7.        7.        2.        4.
  0.0218  0.0218  0.0216  0.0217  0.0219  0.0219  0.0218  0.0219  0.0218  0.0218  0.0215  0.0216
  0.0215  0.0215  0.0215  0.0215  0.0216  0.0217  0.0216  0.0216  0.0215  0.0215  0.0214  0.0215
  0.0214  0.0214  0.0214  0.0214  0.0214  0.0215  0.0214  0.0214  0.0214  0.0214  0.0214  0.0214
  0.0214  0.0214  0.0214  0.0214  0.0214  0.0214  0.0214  0.0214  0.0214  0.0214  0.0214  0.0214
  0.0214  0.0214  0.0214  0.0214  0.0214  0.0214  0.0214  0.0214  0.0214  0.0214  0.0214  0.0214
  0.0215  0.0215  0.0214  0.0215  0.0216  0.0215  0.0216  0.0216  0.0215  0.0215  0.0214  0.0215
  0.0218  0.0218  0.0216  0.0217  0.0219  0.0219  0.0218  0.0219  0.0218  0.0218  0.0215  0.0216
   -1.5928   -6.1433   -5.5502   -7.4855  -27.6880  -14.7788
    0.7426   -0.5979    0.9823   31.0113    4.0671  -31.4876
eta,q 0.97865 12.72300

---------------------------------------------------------------------
compute_vox2vox talsrcimg talsrcimg_to_711-2C_as_mni_average_305_t4 /usr/local/freesurfer/7.2.0/average/711-2C_as_mni_average_305
---------------------------------------------------------------------

freesurfer compute_vox2vox.c
Reading: talsrcimg.4dfp.ifh
Reading: talsrcimg_to_711-2C_as_mni_average_305_t4
Reading: /usr/local/freesurfer/7.2.0/average/711-2C_as_mni_average_305.4dfp.ifh
Writing: talsrcimg_to_711-2C_as_mni_average_305_t4_vox2vox.txt

start time Wed Sep 22 15:12:23 AST 2021
end		time Wed Sep 22 15:12:44 AST 2021

mpr2mni305 success

avi2talxfm orig_nu.mgz /usr/local/freesurfer/7.2.0/average/mni305.cor.mgz talsrcimg_to_711-2C_as_mni_average_305_t4_vox2vox.txt transforms/talairach.auto.xfm
avi2talxfm done
lta_convert --src orig_nu.mgz --trg /usr/local/freesurfer/7.2.0/average/mni305.cor.mgz --inxfm transforms/talairach.auto.xfm --outlta transforms/talairach.auto.xfm.lta --subject fsaverage
7.2.0

--src: orig_nu.mgz src image (geometry).
--trg: /usr/local/freesurfer/7.2.0/average/mni305.cor.mgz trg image (geometry).
--inmni: transforms/talairach.auto.xfm input MNI/XFM transform.
--outlta: transforms/talairach.auto.xfm.lta output LTA.
--s: fsaverage subject name
 LTA read, type : 1
 1.08054   0.01003  -0.00673   2.86942;
-0.04920   1.01246   0.44137   13.71948;
 0.00642  -0.43433   1.19370   3.52690;
 0.00000   0.00000   0.00000   1.00000;
setting subject to fsaverage
Writing  LTA to file transforms/talairach.auto.xfm.lta...
lta_convert successful.
 
 
Started at Wed Sep 22 15:12:22 AST 2021
Ended   at Wed Sep 22 15:12:44 AST 2021
talairach_avi done
